  be_aas_bspq3.cpp
d:\source\repos\modwooty\codemp\game\teams.h(13): warning C4091: 'typedef ': ignored on left of '' when no variable is declared
d:\source\repos\modwooty\codemp\botlib\../game/q_shared.h(587): warning C4091: 'typedef ': ignored on left of '' when no variable is declared
d:\source\repos\modwooty\codemp\botlib\../game/q_shared.h(612): warning C4091: 'typedef ': ignored on left of '' when no variable is declared
d:\source\repos\modwooty\codemp\botlib\../game/q_shared.h(851): warning C4091: 'typedef ': ignored on left of '' when no variable is declared
d:\source\repos\modwooty\codemp\botlib\../game/q_shared.h(990): warning C4091: 'typedef ': ignored on left of '' when no variable is declared
d:\source\repos\modwooty\codemp\botlib\../game/q_shared.h(1961): warning C4091: 'typedef ': ignored on left of '' when no variable is declared
d:\source\repos\modwooty\codemp\botlib\../game/q_shared.h(3043): warning C4091: 'typedef ': ignored on left of '' when no variable is declared
d:\source\repos\modwooty\codemp\botlib\../game/q_shared.h(3052): warning C4091: 'typedef ': ignored on left of '_flag_status' when no variable is declared
d:\source\repos\modwooty\codemp\botlib\../game/q_shared.h(3098): warning C4091: 'typedef ': ignored on left of 'Eorientations' when no variable is declared
d:\source\repos\modwooty\codemp\botlib\../game/q_shared.h(3109): warning C4091: 'typedef ': ignored on left of '' when no variable is declared
be_aas_bspq3.cpp(272): warning C4996: 'strncpy': This function or variable may be unsafe. Consider using strncpy_s instead. To disable deprecation, use _CRT_SECURE_NO_WARNINGS. See online help for details.
  C:\Program Files (x86)\Windows Kits\10\Include\10.0.10240.0\ucrt\string.h(346): note: see declaration of 'strncpy'
be_aas_bspq3.cpp(294): warning C4996: 'sscanf': This function or variable may be unsafe. Consider using sscanf_s instead. To disable deprecation, use _CRT_SECURE_NO_WARNINGS. See online help for details.
  C:\Program Files (x86)\Windows Kits\10\Include\10.0.10240.0\ucrt\stdio.h(2254): note: see declaration of 'sscanf'
be_aas_bspq3.cpp(406): warning C4996: 'strcpy': This function or variable may be unsafe. Consider using strcpy_s instead. To disable deprecation, use _CRT_SECURE_NO_WARNINGS. See online help for details.
  C:\Program Files (x86)\Windows Kits\10\Include\10.0.10240.0\ucrt\string.h(119): note: see declaration of 'strcpy'
be_aas_bspq3.cpp(415): warning C4996: 'strcpy': This function or variable may be unsafe. Consider using strcpy_s instead. To disable deprecation, use _CRT_SECURE_NO_WARNINGS. See online help for details.
  C:\Program Files (x86)\Windows Kits\10\Include\10.0.10240.0\ucrt\string.h(119): note: see declaration of 'strcpy'
  be_aas_cluster.cpp
d:\source\repos\modwooty\codemp\game\teams.h(13): warning C4091: 'typedef ': ignored on left of '' when no variable is declared
d:\source\repos\modwooty\codemp\botlib\../game/q_shared.h(587): warning C4091: 'typedef ': ignored on left of '' when no variable is declared
d:\source\repos\modwooty\codemp\botlib\../game/q_shared.h(612): warning C4091: 'typedef ': ignored on left of '' when no variable is declared
d:\source\repos\modwooty\codemp\botlib\../game/q_shared.h(851): warning C4091: 'typedef ': ignored on left of '' when no variable is declared
d:\source\repos\modwooty\codemp\botlib\../game/q_shared.h(990): warning C4091: 'typedef ': ignored on left of '' when no variable is declared
d:\source\repos\modwooty\codemp\botlib\../game/q_shared.h(1961): warning C4091: 'typedef ': ignored on left of '' when no variable is declared
d:\source\repos\modwooty\codemp\botlib\../game/q_shared.h(3043): warning C4091: 'typedef ': ignored on left of '' when no variable is declared
d:\source\repos\modwooty\codemp\botlib\../game/q_shared.h(3052): warning C4091: 'typedef ': ignored on left of '_flag_status' when no variable is declared
d:\source\repos\modwooty\codemp\botlib\../game/q_shared.h(3098): warning C4091: 'typedef ': ignored on left of 'Eorientations' when no variable is declared
d:\source\repos\modwooty\codemp\botlib\../game/q_shared.h(3109): warning C4091: 'typedef ': ignored on left of '' when no variable is declared
  be_aas_debug.cpp
d:\source\repos\modwooty\codemp\game\teams.h(13): warning C4091: 'typedef ': ignored on left of '' when no variable is declared
d:\source\repos\modwooty\codemp\botlib\../game/q_shared.h(587): warning C4091: 'typedef ': ignored on left of '' when no variable is declared
d:\source\repos\modwooty\codemp\botlib\../game/q_shared.h(612): warning C4091: 'typedef ': ignored on left of '' when no variable is declared
d:\source\repos\modwooty\codemp\botlib\../game/q_shared.h(851): warning C4091: 'typedef ': ignored on left of '' when no variable is declared
d:\source\repos\modwooty\codemp\botlib\../game/q_shared.h(990): warning C4091: 'typedef ': ignored on left of '' when no variable is declared
d:\source\repos\modwooty\codemp\botlib\../game/q_shared.h(1961): warning C4091: 'typedef ': ignored on left of '' when no variable is declared
d:\source\repos\modwooty\codemp\botlib\../game/q_shared.h(3043): warning C4091: 'typedef ': ignored on left of '' when no variable is declared
d:\source\repos\modwooty\codemp\botlib\../game/q_shared.h(3052): warning C4091: 'typedef ': ignored on left of '_flag_status' when no variable is declared
d:\source\repos\modwooty\codemp\botlib\../game/q_shared.h(3098): warning C4091: 'typedef ': ignored on left of 'Eorientations' when no variable is declared
d:\source\repos\modwooty\codemp\botlib\../game/q_shared.h(3109): warning C4091: 'typedef ': ignored on left of '' when no variable is declared
  be_aas_entity.cpp
d:\source\repos\modwooty\codemp\game\teams.h(13): warning C4091: 'typedef ': ignored on left of '' when no variable is declared
d:\source\repos\modwooty\codemp\botlib\../game/q_shared.h(587): warning C4091: 'typedef ': ignored on left of '' when no variable is declared
d:\source\repos\modwooty\codemp\botlib\../game/q_shared.h(612): warning C4091: 'typedef ': ignored on left of '' when no variable is declared
d:\source\repos\modwooty\codemp\botlib\../game/q_shared.h(851): warning C4091: 'typedef ': ignored on left of '' when no variable is declared
d:\source\repos\modwooty\codemp\botlib\../game/q_shared.h(990): warning C4091: 'typedef ': ignored on left of '' when no variable is declared
d:\source\repos\modwooty\codemp\botlib\../game/q_shared.h(1961): warning C4091: 'typedef ': ignored on left of '' when no variable is declared
d:\source\repos\modwooty\codemp\botlib\../game/q_shared.h(3043): warning C4091: 'typedef ': ignored on left of '' when no variable is declared
d:\source\repos\modwooty\codemp\botlib\../game/q_shared.h(3052): warning C4091: 'typedef ': ignored on left of '_flag_status' when no variable is declared
d:\source\repos\modwooty\codemp\botlib\../game/q_shared.h(3098): warning C4091: 'typedef ': ignored on left of 'Eorientations' when no variable is declared
d:\source\repos\modwooty\codemp\botlib\../game/q_shared.h(3109): warning C4091: 'typedef ': ignored on left of '' when no variable is declared
be_aas_entity.cpp(376): error C2668: 'abs': ambiguous call to overloaded function
  C:\Program Files (x86)\Windows Kits\10\Include\10.0.10240.0\ucrt\stdlib.h(359): note: could be '__int64 abs(const __int64) throw()'
  C:\Program Files (x86)\Windows Kits\10\Include\10.0.10240.0\ucrt\stdlib.h(354): note: or       'long abs(const long) throw()'
  C:\Program Files (x86)\Windows Kits\10\Include\10.0.10240.0\ucrt\math.h(454): note: or       'int abs(int)'
  be_aas_entity.cpp(376): note: while trying to match the argument list '(vec_t)'
be_aas_entity.cpp(378): error C2668: 'abs': ambiguous call to overloaded function
  C:\Program Files (x86)\Windows Kits\10\Include\10.0.10240.0\ucrt\stdlib.h(359): note: could be '__int64 abs(const __int64) throw()'
  C:\Program Files (x86)\Windows Kits\10\Include\10.0.10240.0\ucrt\stdlib.h(354): note: or       'long abs(const long) throw()'
  C:\Program Files (x86)\Windows Kits\10\Include\10.0.10240.0\ucrt\math.h(454): note: or       'int abs(int)'
  be_aas_entity.cpp(378): note: while trying to match the argument list '(vec_t)'
  be_aas_file.cpp
d:\source\repos\modwooty\codemp\game\teams.h(13): warning C4091: 'typedef ': ignored on left of '' when no variable is declared
d:\source\repos\modwooty\codemp\botlib\../game/q_shared.h(587): warning C4091: 'typedef ': ignored on left of '' when no variable is declared
d:\source\repos\modwooty\codemp\botlib\../game/q_shared.h(612): warning C4091: 'typedef ': ignored on left of '' when no variable is declared
d:\source\repos\modwooty\codemp\botlib\../game/q_shared.h(851): warning C4091: 'typedef ': ignored on left of '' when no variable is declared
d:\source\repos\modwooty\codemp\botlib\../game/q_shared.h(990): warning C4091: 'typedef ': ignored on left of '' when no variable is declared
d:\source\repos\modwooty\codemp\botlib\../game/q_shared.h(1961): warning C4091: 'typedef ': ignored on left of '' when no variable is declared
d:\source\repos\modwooty\codemp\botlib\../game/q_shared.h(3043): warning C4091: 'typedef ': ignored on left of '' when no variable is declared
d:\source\repos\modwooty\codemp\botlib\../game/q_shared.h(3052): warning C4091: 'typedef ': ignored on left of '_flag_status' when no variable is declared
d:\source\repos\modwooty\codemp\botlib\../game/q_shared.h(3098): warning C4091: 'typedef ': ignored on left of 'Eorientations' when no variable is declared
d:\source\repos\modwooty\codemp\botlib\../game/q_shared.h(3109): warning C4091: 'typedef ': ignored on left of '' when no variable is declared
  be_aas_main.cpp
d:\source\repos\modwooty\codemp\game\teams.h(13): warning C4091: 'typedef ': ignored on left of '' when no variable is declared
d:\source\repos\modwooty\codemp\botlib\../game/q_shared.h(587): warning C4091: 'typedef ': ignored on left of '' when no variable is declared
d:\source\repos\modwooty\codemp\botlib\../game/q_shared.h(612): warning C4091: 'typedef ': ignored on left of '' when no variable is declared
d:\source\repos\modwooty\codemp\botlib\../game/q_shared.h(851): warning C4091: 'typedef ': ignored on left of '' when no variable is declared
d:\source\repos\modwooty\codemp\botlib\../game/q_shared.h(990): warning C4091: 'typedef ': ignored on left of '' when no variable is declared
d:\source\repos\modwooty\codemp\botlib\../game/q_shared.h(1961): warning C4091: 'typedef ': ignored on left of '' when no variable is declared
d:\source\repos\modwooty\codemp\botlib\../game/q_shared.h(3043): warning C4091: 'typedef ': ignored on left of '' when no variable is declared
d:\source\repos\modwooty\codemp\botlib\../game/q_shared.h(3052): warning C4091: 'typedef ': ignored on left of '_flag_status' when no variable is declared
d:\source\repos\modwooty\codemp\botlib\../game/q_shared.h(3098): warning C4091: 'typedef ': ignored on left of 'Eorientations' when no variable is declared
d:\source\repos\modwooty\codemp\botlib\../game/q_shared.h(3109): warning C4091: 'typedef ': ignored on left of '' when no variable is declared
be_aas_main.cpp(46): warning C4996: 'vsprintf': This function or variable may be unsafe. Consider using vsprintf_s instead. To disable deprecation, use _CRT_SECURE_NO_WARNINGS. See online help for details.
  C:\Program Files (x86)\Windows Kits\10\Include\10.0.10240.0\ucrt\stdio.h(1465): note: see declaration of 'vsprintf'
be_aas_main.cpp(135): warning C4996: 'strcpy': This function or variable may be unsafe. Consider using strcpy_s instead. To disable deprecation, use _CRT_SECURE_NO_WARNINGS. See online help for details.
  C:\Program Files (x86)\Windows Kits\10\Include\10.0.10240.0\ucrt\string.h(119): note: see declaration of 'strcpy'
be_aas_main.cpp(299): warning C4996: 'strcpy': This function or variable may be unsafe. Consider using strcpy_s instead. To disable deprecation, use _CRT_SECURE_NO_WARNINGS. See online help for details.
  C:\Program Files (x86)\Windows Kits\10\Include\10.0.10240.0\ucrt\string.h(119): note: see declaration of 'strcpy'
be_aas_main.cpp(314): warning C4996: 'strncpy': This function or variable may be unsafe. Consider using strncpy_s instead. To disable deprecation, use _CRT_SECURE_NO_WARNINGS. See online help for details.
  C:\Program Files (x86)\Windows Kits\10\Include\10.0.10240.0\ucrt\string.h(346): note: see declaration of 'strncpy'
  be_aas_move.cpp
d:\source\repos\modwooty\codemp\game\teams.h(13): warning C4091: 'typedef ': ignored on left of '' when no variable is declared
d:\source\repos\modwooty\codemp\botlib\../game/q_shared.h(587): warning C4091: 'typedef ': ignored on left of '' when no variable is declared
d:\source\repos\modwooty\codemp\botlib\../game/q_shared.h(612): warning C4091: 'typedef ': ignored on left of '' when no variable is declared
d:\source\repos\modwooty\codemp\botlib\../game/q_shared.h(851): warning C4091: 'typedef ': ignored on left of '' when no variable is declared
d:\source\repos\modwooty\codemp\botlib\../game/q_shared.h(990): warning C4091: 'typedef ': ignored on left of '' when no variable is declared
d:\source\repos\modwooty\codemp\botlib\../game/q_shared.h(1961): warning C4091: 'typedef ': ignored on left of '' when no variable is declared
d:\source\repos\modwooty\codemp\botlib\../game/q_shared.h(3043): warning C4091: 'typedef ': ignored on left of '' when no variable is declared
d:\source\repos\modwooty\codemp\botlib\../game/q_shared.h(3052): warning C4091: 'typedef ': ignored on left of '_flag_status' when no variable is declared
d:\source\repos\modwooty\codemp\botlib\../game/q_shared.h(3098): warning C4091: 'typedef ': ignored on left of 'Eorientations' when no variable is declared
d:\source\repos\modwooty\codemp\botlib\../game/q_shared.h(3109): warning C4091: 'typedef ': ignored on left of '' when no variable is declared
be_aas_move.cpp(154): error C2668: 'abs': ambiguous call to overloaded function
  C:\Program Files (x86)\Windows Kits\10\Include\10.0.10240.0\ucrt\stdlib.h(359): note: could be '__int64 abs(const __int64) throw()'
  C:\Program Files (x86)\Windows Kits\10\Include\10.0.10240.0\ucrt\stdlib.h(354): note: or       'long abs(const long) throw()'
  C:\Program Files (x86)\Windows Kits\10\Include\10.0.10240.0\ucrt\math.h(454): note: or       'int abs(int)'
  be_aas_move.cpp(154): note: while trying to match the argument list '(vec_t)'
  be_aas_optimize.cpp
d:\source\repos\modwooty\codemp\game\teams.h(13): warning C4091: 'typedef ': ignored on left of '' when no variable is declared
d:\source\repos\modwooty\codemp\botlib\../game/q_shared.h(587): warning C4091: 'typedef ': ignored on left of '' when no variable is declared
d:\source\repos\modwooty\codemp\botlib\../game/q_shared.h(612): warning C4091: 'typedef ': ignored on left of '' when no variable is declared
d:\source\repos\modwooty\codemp\botlib\../game/q_shared.h(851): warning C4091: 'typedef ': ignored on left of '' when no variable is declared
d:\source\repos\modwooty\codemp\botlib\../game/q_shared.h(990): warning C4091: 'typedef ': ignored on left of '' when no variable is declared
d:\source\repos\modwooty\codemp\botlib\../game/q_shared.h(1961): warning C4091: 'typedef ': ignored on left of '' when no variable is declared
d:\source\repos\modwooty\codemp\botlib\../game/q_shared.h(3043): warning C4091: 'typedef ': ignored on left of '' when no variable is declared
d:\source\repos\modwooty\codemp\botlib\../game/q_shared.h(3052): warning C4091: 'typedef ': ignored on left of '_flag_status' when no variable is declared
d:\source\repos\modwooty\codemp\botlib\../game/q_shared.h(3098): warning C4091: 'typedef ': ignored on left of 'Eorientations' when no variable is declared
d:\source\repos\modwooty\codemp\botlib\../game/q_shared.h(3109): warning C4091: 'typedef ': ignored on left of '' when no variable is declared
  be_aas_reach.cpp
d:\source\repos\modwooty\codemp\game\teams.h(13): warning C4091: 'typedef ': ignored on left of '' when no variable is declared
d:\source\repos\modwooty\codemp\botlib\../game/q_shared.h(587): warning C4091: 'typedef ': ignored on left of '' when no variable is declared
d:\source\repos\modwooty\codemp\botlib\../game/q_shared.h(612): warning C4091: 'typedef ': ignored on left of '' when no variable is declared
d:\source\repos\modwooty\codemp\botlib\../game/q_shared.h(851): warning C4091: 'typedef ': ignored on left of '' when no variable is declared
d:\source\repos\modwooty\codemp\botlib\../game/q_shared.h(990): warning C4091: 'typedef ': ignored on left of '' when no variable is declared
d:\source\repos\modwooty\codemp\botlib\../game/q_shared.h(1961): warning C4091: 'typedef ': ignored on left of '' when no variable is declared
d:\source\repos\modwooty\codemp\botlib\../game/q_shared.h(3043): warning C4091: 'typedef ': ignored on left of '' when no variable is declared
d:\source\repos\modwooty\codemp\botlib\../game/q_shared.h(3052): warning C4091: 'typedef ': ignored on left of '_flag_status' when no variable is declared
d:\source\repos\modwooty\codemp\botlib\../game/q_shared.h(3098): warning C4091: 'typedef ': ignored on left of 'Eorientations' when no variable is declared
d:\source\repos\modwooty\codemp\botlib\../game/q_shared.h(3109): warning C4091: 'typedef ': ignored on left of '' when no variable is declared
be_aas_reach.cpp(2464): error C2668: 'abs': ambiguous call to overloaded function
  C:\Program Files (x86)\Windows Kits\10\Include\10.0.10240.0\ucrt\stdlib.h(359): note: could be '__int64 abs(const __int64) throw()'
  C:\Program Files (x86)\Windows Kits\10\Include\10.0.10240.0\ucrt\stdlib.h(354): note: or       'long abs(const long) throw()'
  C:\Program Files (x86)\Windows Kits\10\Include\10.0.10240.0\ucrt\math.h(454): note: or       'int abs(int)'
  be_aas_reach.cpp(2464): note: while trying to match the argument list '(vec_t)'
be_aas_reach.cpp(2465): error C2668: 'abs': ambiguous call to overloaded function
  C:\Program Files (x86)\Windows Kits\10\Include\10.0.10240.0\ucrt\stdlib.h(359): note: could be '__int64 abs(const __int64) throw()'
  C:\Program Files (x86)\Windows Kits\10\Include\10.0.10240.0\ucrt\stdlib.h(354): note: or       'long abs(const long) throw()'
  C:\Program Files (x86)\Windows Kits\10\Include\10.0.10240.0\ucrt\math.h(454): note: or       'int abs(int)'
  be_aas_reach.cpp(2465): note: while trying to match the argument list '(vec_t)'
be_aas_reach.cpp(2473): error C2668: 'abs': ambiguous call to overloaded function
  C:\Program Files (x86)\Windows Kits\10\Include\10.0.10240.0\ucrt\stdlib.h(359): note: could be '__int64 abs(const __int64) throw()'
  C:\Program Files (x86)\Windows Kits\10\Include\10.0.10240.0\ucrt\stdlib.h(354): note: or       'long abs(const long) throw()'
  C:\Program Files (x86)\Windows Kits\10\Include\10.0.10240.0\ucrt\math.h(454): note: or       'int abs(int)'
  be_aas_reach.cpp(2473): note: while trying to match the argument list '(vec_t)'
be_aas_reach.cpp(2598): error C2668: 'abs': ambiguous call to overloaded function
  C:\Program Files (x86)\Windows Kits\10\Include\10.0.10240.0\ucrt\stdlib.h(359): note: could be '__int64 abs(const __int64) throw()'
  C:\Program Files (x86)\Windows Kits\10\Include\10.0.10240.0\ucrt\stdlib.h(354): note: or       'long abs(const long) throw()'
  C:\Program Files (x86)\Windows Kits\10\Include\10.0.10240.0\ucrt\math.h(454): note: or       'int abs(int)'
  be_aas_reach.cpp(2598): note: while trying to match the argument list '(vec_t)'
  be_aas_route.cpp
d:\source\repos\modwooty\codemp\game\teams.h(13): warning C4091: 'typedef ': ignored on left of '' when no variable is declared
d:\source\repos\modwooty\codemp\botlib\../game/q_shared.h(587): warning C4091: 'typedef ': ignored on left of '' when no variable is declared
d:\source\repos\modwooty\codemp\botlib\../game/q_shared.h(612): warning C4091: 'typedef ': ignored on left of '' when no variable is declared
d:\source\repos\modwooty\codemp\botlib\../game/q_shared.h(851): warning C4091: 'typedef ': ignored on left of '' when no variable is declared
d:\source\repos\modwooty\codemp\botlib\../game/q_shared.h(990): warning C4091: 'typedef ': ignored on left of '' when no variable is declared
d:\source\repos\modwooty\codemp\botlib\../game/q_shared.h(1961): warning C4091: 'typedef ': ignored on left of '' when no variable is declared
d:\source\repos\modwooty\codemp\botlib\../game/q_shared.h(3043): warning C4091: 'typedef ': ignored on left of '' when no variable is declared
d:\source\repos\modwooty\codemp\botlib\../game/q_shared.h(3052): warning C4091: 'typedef ': ignored on left of '_flag_status' when no variable is declared
d:\source\repos\modwooty\codemp\botlib\../game/q_shared.h(3098): warning C4091: 'typedef ': ignored on left of 'Eorientations' when no variable is declared
d:\source\repos\modwooty\codemp\botlib\../game/q_shared.h(3109): warning C4091: 'typedef ': ignored on left of '' when no variable is declared
  be_aas_routealt.cpp
d:\source\repos\modwooty\codemp\game\teams.h(13): warning C4091: 'typedef ': ignored on left of '' when no variable is declared
d:\source\repos\modwooty\codemp\botlib\../game/q_shared.h(587): warning C4091: 'typedef ': ignored on left of '' when no variable is declared
d:\source\repos\modwooty\codemp\botlib\../game/q_shared.h(612): warning C4091: 'typedef ': ignored on left of '' when no variable is declared
d:\source\repos\modwooty\codemp\botlib\../game/q_shared.h(851): warning C4091: 'typedef ': ignored on left of '' when no variable is declared
d:\source\repos\modwooty\codemp\botlib\../game/q_shared.h(990): warning C4091: 'typedef ': ignored on left of '' when no variable is declared
d:\source\repos\modwooty\codemp\botlib\../game/q_shared.h(1961): warning C4091: 'typedef ': ignored on left of '' when no variable is declared
d:\source\repos\modwooty\codemp\botlib\../game/q_shared.h(3043): warning C4091: 'typedef ': ignored on left of '' when no variable is declared
d:\source\repos\modwooty\codemp\botlib\../game/q_shared.h(3052): warning C4091: 'typedef ': ignored on left of '_flag_status' when no variable is declared
d:\source\repos\modwooty\codemp\botlib\../game/q_shared.h(3098): warning C4091: 'typedef ': ignored on left of 'Eorientations' when no variable is declared
d:\source\repos\modwooty\codemp\botlib\../game/q_shared.h(3109): warning C4091: 'typedef ': ignored on left of '' when no variable is declared
  be_aas_sample.cpp
d:\source\repos\modwooty\codemp\game\teams.h(13): warning C4091: 'typedef ': ignored on left of '' when no variable is declared
d:\source\repos\modwooty\codemp\botlib\../game/q_shared.h(587): warning C4091: 'typedef ': ignored on left of '' when no variable is declared
d:\source\repos\modwooty\codemp\botlib\../game/q_shared.h(612): warning C4091: 'typedef ': ignored on left of '' when no variable is declared
d:\source\repos\modwooty\codemp\botlib\../game/q_shared.h(851): warning C4091: 'typedef ': ignored on left of '' when no variable is declared
d:\source\repos\modwooty\codemp\botlib\../game/q_shared.h(990): warning C4091: 'typedef ': ignored on left of '' when no variable is declared
d:\source\repos\modwooty\codemp\botlib\../game/q_shared.h(1961): warning C4091: 'typedef ': ignored on left of '' when no variable is declared
d:\source\repos\modwooty\codemp\botlib\../game/q_shared.h(3043): warning C4091: 'typedef ': ignored on left of '' when no variable is declared
d:\source\repos\modwooty\codemp\botlib\../game/q_shared.h(3052): warning C4091: 'typedef ': ignored on left of '_flag_status' when no variable is declared
d:\source\repos\modwooty\codemp\botlib\../game/q_shared.h(3098): warning C4091: 'typedef ': ignored on left of 'Eorientations' when no variable is declared
d:\source\repos\modwooty\codemp\botlib\../game/q_shared.h(3109): warning C4091: 'typedef ': ignored on left of '' when no variable is declared
  be_ai_char.cpp
d:\source\repos\modwooty\codemp\game\teams.h(13): warning C4091: 'typedef ': ignored on left of '' when no variable is declared
d:\source\repos\modwooty\codemp\botlib\../game/q_shared.h(587): warning C4091: 'typedef ': ignored on left of '' when no variable is declared
d:\source\repos\modwooty\codemp\botlib\../game/q_shared.h(612): warning C4091: 'typedef ': ignored on left of '' when no variable is declared
d:\source\repos\modwooty\codemp\botlib\../game/q_shared.h(851): warning C4091: 'typedef ': ignored on left of '' when no variable is declared
d:\source\repos\modwooty\codemp\botlib\../game/q_shared.h(990): warning C4091: 'typedef ': ignored on left of '' when no variable is declared
d:\source\repos\modwooty\codemp\botlib\../game/q_shared.h(1961): warning C4091: 'typedef ': ignored on left of '' when no variable is declared
d:\source\repos\modwooty\codemp\botlib\../game/q_shared.h(3043): warning C4091: 'typedef ': ignored on left of '' when no variable is declared
d:\source\repos\modwooty\codemp\botlib\../game/q_shared.h(3052): warning C4091: 'typedef ': ignored on left of '_flag_status' when no variable is declared
d:\source\repos\modwooty\codemp\botlib\../game/q_shared.h(3098): warning C4091: 'typedef ': ignored on left of 'Eorientations' when no variable is declared
d:\source\repos\modwooty\codemp\botlib\../game/q_shared.h(3109): warning C4091: 'typedef ': ignored on left of '' when no variable is declared
be_ai_char.cpp(185): warning C4996: 'strcpy': This function or variable may be unsafe. Consider using strcpy_s instead. To disable deprecation, use _CRT_SECURE_NO_WARNINGS. See online help for details.
  C:\Program Files (x86)\Windows Kits\10\Include\10.0.10240.0\ucrt\string.h(119): note: see declaration of 'strcpy'
be_ai_char.cpp(213): warning C4996: 'strcpy': This function or variable may be unsafe. Consider using strcpy_s instead. To disable deprecation, use _CRT_SECURE_NO_WARNINGS. See online help for details.
  C:\Program Files (x86)\Windows Kits\10\Include\10.0.10240.0\ucrt\string.h(119): note: see declaration of 'strcpy'
be_ai_char.cpp(289): warning C4996: 'strcpy': This function or variable may be unsafe. Consider using strcpy_s instead. To disable deprecation, use _CRT_SECURE_NO_WARNINGS. See online help for details.
  C:\Program Files (x86)\Windows Kits\10\Include\10.0.10240.0\ucrt\string.h(119): note: see declaration of 'strcpy'
be_ai_char.cpp(518): warning C4996: 'strcpy': This function or variable may be unsafe. Consider using strcpy_s instead. To disable deprecation, use _CRT_SECURE_NO_WARNINGS. See online help for details.
  C:\Program Files (x86)\Windows Kits\10\Include\10.0.10240.0\ucrt\string.h(119): note: see declaration of 'strcpy'
be_ai_char.cpp(540): warning C4996: 'strcpy': This function or variable may be unsafe. Consider using strcpy_s instead. To disable deprecation, use _CRT_SECURE_NO_WARNINGS. See online help for details.
  C:\Program Files (x86)\Windows Kits\10\Include\10.0.10240.0\ucrt\string.h(119): note: see declaration of 'strcpy'
be_ai_char.cpp(744): warning C4996: 'strncpy': This function or variable may be unsafe. Consider using strncpy_s instead. To disable deprecation, use _CRT_SECURE_NO_WARNINGS. See online help for details.
  C:\Program Files (x86)\Windows Kits\10\Include\10.0.10240.0\ucrt\string.h(346): note: see declaration of 'strncpy'
  be_ai_chat.cpp
d:\source\repos\modwooty\codemp\game\teams.h(13): warning C4091: 'typedef ': ignored on left of '' when no variable is declared
d:\source\repos\modwooty\codemp\botlib\../game/q_shared.h(587): warning C4091: 'typedef ': ignored on left of '' when no variable is declared
d:\source\repos\modwooty\codemp\botlib\../game/q_shared.h(612): warning C4091: 'typedef ': ignored on left of '' when no variable is declared
d:\source\repos\modwooty\codemp\botlib\../game/q_shared.h(851): warning C4091: 'typedef ': ignored on left of '' when no variable is declared
d:\source\repos\modwooty\codemp\botlib\../game/q_shared.h(990): warning C4091: 'typedef ': ignored on left of '' when no variable is declared
d:\source\repos\modwooty\codemp\botlib\../game/q_shared.h(1961): warning C4091: 'typedef ': ignored on left of '' when no variable is declared
d:\source\repos\modwooty\codemp\botlib\../game/q_shared.h(3043): warning C4091: 'typedef ': ignored on left of '' when no variable is declared
d:\source\repos\modwooty\codemp\botlib\../game/q_shared.h(3052): warning C4091: 'typedef ': ignored on left of '_flag_status' when no variable is declared
d:\source\repos\modwooty\codemp\botlib\../game/q_shared.h(3098): warning C4091: 'typedef ': ignored on left of 'Eorientations' when no variable is declared
d:\source\repos\modwooty\codemp\botlib\../game/q_shared.h(3109): warning C4091: 'typedef ': ignored on left of '' when no variable is declared
be_ai_chat.cpp(328): warning C4996: 'strncpy': This function or variable may be unsafe. Consider using strncpy_s instead. To disable deprecation, use _CRT_SECURE_NO_WARNINGS. See online help for details.
  C:\Program Files (x86)\Windows Kits\10\Include\10.0.10240.0\ucrt\string.h(346): note: see declaration of 'strncpy'
be_ai_chat.cpp(681): warning C4996: 'strcpy': This function or variable may be unsafe. Consider using strcpy_s instead. To disable deprecation, use _CRT_SECURE_NO_WARNINGS. See online help for details.
  C:\Program Files (x86)\Windows Kits\10\Include\10.0.10240.0\ucrt\string.h(119): note: see declaration of 'strcpy'
be_ai_chat.cpp(865): warning C4996: 'strcat': This function or variable may be unsafe. Consider using strcat_s instead. To disable deprecation, use _CRT_SECURE_NO_WARNINGS. See online help for details.
  C:\Program Files (x86)\Windows Kits\10\Include\10.0.10240.0\ucrt\string.h(90): note: see declaration of 'strcat'
be_ai_chat.cpp(875): warning C4996: 'sprintf': This function or variable may be unsafe. Consider using sprintf_s instead. To disable deprecation, use _CRT_SECURE_NO_WARNINGS. See online help for details.
  C:\Program Files (x86)\Windows Kits\10\Include\10.0.10240.0\ucrt\stdio.h(1769): note: see declaration of 'sprintf'
be_ai_chat.cpp(885): warning C4996: 'sprintf': This function or variable may be unsafe. Consider using sprintf_s instead. To disable deprecation, use _CRT_SECURE_NO_WARNINGS. See online help for details.
  C:\Program Files (x86)\Windows Kits\10\Include\10.0.10240.0\ucrt\stdio.h(1769): note: see declaration of 'sprintf'
be_ai_chat.cpp(977): warning C4996: 'strcpy': This function or variable may be unsafe. Consider using strcpy_s instead. To disable deprecation, use _CRT_SECURE_NO_WARNINGS. See online help for details.
  C:\Program Files (x86)\Windows Kits\10\Include\10.0.10240.0\ucrt\string.h(119): note: see declaration of 'strcpy'
be_ai_chat.cpp(1005): warning C4996: 'strcpy': This function or variable may be unsafe. Consider using strcpy_s instead. To disable deprecation, use _CRT_SECURE_NO_WARNINGS. See online help for details.
  C:\Program Files (x86)\Windows Kits\10\Include\10.0.10240.0\ucrt\string.h(119): note: see declaration of 'strcpy'
be_ai_chat.cpp(1191): warning C4996: 'strcpy': This function or variable may be unsafe. Consider using strcpy_s instead. To disable deprecation, use _CRT_SECURE_NO_WARNINGS. See online help for details.
  C:\Program Files (x86)\Windows Kits\10\Include\10.0.10240.0\ucrt\string.h(119): note: see declaration of 'strcpy'
be_ai_chat.cpp(1422): warning C4996: 'strncpy': This function or variable may be unsafe. Consider using strncpy_s instead. To disable deprecation, use _CRT_SECURE_NO_WARNINGS. See online help for details.
  C:\Program Files (x86)\Windows Kits\10\Include\10.0.10240.0\ucrt\string.h(346): note: see declaration of 'strncpy'
be_ai_chat.cpp(1456): warning C4996: 'strcpy': This function or variable may be unsafe. Consider using strcpy_s instead. To disable deprecation, use _CRT_SECURE_NO_WARNINGS. See online help for details.
  C:\Program Files (x86)\Windows Kits\10\Include\10.0.10240.0\ucrt\string.h(119): note: see declaration of 'strcpy'
be_ai_chat.cpp(1470): warning C4996: 'strcpy': This function or variable may be unsafe. Consider using strcpy_s instead. To disable deprecation, use _CRT_SECURE_NO_WARNINGS. See online help for details.
  C:\Program Files (x86)\Windows Kits\10\Include\10.0.10240.0\ucrt\string.h(119): note: see declaration of 'strcpy'
be_ai_chat.cpp(1465): warning C4996: 'strncpy': This function or variable may be unsafe. Consider using strncpy_s instead. To disable deprecation, use _CRT_SECURE_NO_WARNINGS. See online help for details.
  C:\Program Files (x86)\Windows Kits\10\Include\10.0.10240.0\ucrt\string.h(346): note: see declaration of 'strncpy'
be_ai_chat.cpp(1540): warning C4996: 'strcpy': This function or variable may be unsafe. Consider using strcpy_s instead. To disable deprecation, use _CRT_SECURE_NO_WARNINGS. See online help for details.
  C:\Program Files (x86)\Windows Kits\10\Include\10.0.10240.0\ucrt\string.h(119): note: see declaration of 'strcpy'
be_ai_chat.cpp(1876): warning C4996: 'strcpy': This function or variable may be unsafe. Consider using strcpy_s instead. To disable deprecation, use _CRT_SECURE_NO_WARNINGS. See online help for details.
  C:\Program Files (x86)\Windows Kits\10\Include\10.0.10240.0\ucrt\string.h(119): note: see declaration of 'strcpy'
be_ai_chat.cpp(1886): warning C4996: 'strcat': This function or variable may be unsafe. Consider using strcat_s instead. To disable deprecation, use _CRT_SECURE_NO_WARNINGS. See online help for details.
  C:\Program Files (x86)\Windows Kits\10\Include\10.0.10240.0\ucrt\string.h(90): note: see declaration of 'strcat'
be_ai_chat.cpp(1887): warning C4996: 'strcat': This function or variable may be unsafe. Consider using strcat_s instead. To disable deprecation, use _CRT_SECURE_NO_WARNINGS. See online help for details.
  C:\Program Files (x86)\Windows Kits\10\Include\10.0.10240.0\ucrt\string.h(90): note: see declaration of 'strcat'
be_ai_chat.cpp(1896): warning C4996: 'strcpy': This function or variable may be unsafe. Consider using strcpy_s instead. To disable deprecation, use _CRT_SECURE_NO_WARNINGS. See online help for details.
  C:\Program Files (x86)\Windows Kits\10\Include\10.0.10240.0\ucrt\string.h(119): note: see declaration of 'strcpy'
be_ai_chat.cpp(1909): warning C4996: 'strcpy': This function or variable may be unsafe. Consider using strcpy_s instead. To disable deprecation, use _CRT_SECURE_NO_WARNINGS. See online help for details.
  C:\Program Files (x86)\Windows Kits\10\Include\10.0.10240.0\ucrt\string.h(119): note: see declaration of 'strcpy'
be_ai_chat.cpp(1944): warning C4996: 'strcpy': This function or variable may be unsafe. Consider using strcpy_s instead. To disable deprecation, use _CRT_SECURE_NO_WARNINGS. See online help for details.
  C:\Program Files (x86)\Windows Kits\10\Include\10.0.10240.0\ucrt\string.h(119): note: see declaration of 'strcpy'
be_ai_chat.cpp(2108): warning C4996: 'strcpy': This function or variable may be unsafe. Consider using strcpy_s instead. To disable deprecation, use _CRT_SECURE_NO_WARNINGS. See online help for details.
  C:\Program Files (x86)\Windows Kits\10\Include\10.0.10240.0\ucrt\string.h(119): note: see declaration of 'strcpy'
be_ai_chat.cpp(2081): warning C4996: 'strncpy': This function or variable may be unsafe. Consider using strncpy_s instead. To disable deprecation, use _CRT_SECURE_NO_WARNINGS. See online help for details.
  C:\Program Files (x86)\Windows Kits\10\Include\10.0.10240.0\ucrt\string.h(346): note: see declaration of 'strncpy'
be_ai_chat.cpp(2301): warning C4996: 'strcpy': This function or variable may be unsafe. Consider using strcpy_s instead. To disable deprecation, use _CRT_SECURE_NO_WARNINGS. See online help for details.
  C:\Program Files (x86)\Windows Kits\10\Include\10.0.10240.0\ucrt\string.h(119): note: see declaration of 'strcpy'
be_ai_chat.cpp(2328): warning C4996: 'strcpy': This function or variable may be unsafe. Consider using strcpy_s instead. To disable deprecation, use _CRT_SECURE_NO_WARNINGS. See online help for details.
  C:\Program Files (x86)\Windows Kits\10\Include\10.0.10240.0\ucrt\string.h(119): note: see declaration of 'strcpy'
be_ai_chat.cpp(2368): warning C4996: 'strcpy': This function or variable may be unsafe. Consider using strcpy_s instead. To disable deprecation, use _CRT_SECURE_NO_WARNINGS. See online help for details.
  C:\Program Files (x86)\Windows Kits\10\Include\10.0.10240.0\ucrt\string.h(119): note: see declaration of 'strcpy'
be_ai_chat.cpp(2375): warning C4996: 'strcpy': This function or variable may be unsafe. Consider using strcpy_s instead. To disable deprecation, use _CRT_SECURE_NO_WARNINGS. See online help for details.
  C:\Program Files (x86)\Windows Kits\10\Include\10.0.10240.0\ucrt\string.h(119): note: see declaration of 'strcpy'
be_ai_chat.cpp(2500): warning C4996: 'strcat': This function or variable may be unsafe. Consider using strcat_s instead. To disable deprecation, use _CRT_SECURE_NO_WARNINGS. See online help for details.
  C:\Program Files (x86)\Windows Kits\10\Include\10.0.10240.0\ucrt\string.h(90): note: see declaration of 'strcat'
be_ai_chat.cpp(2506): warning C4996: 'strcat': This function or variable may be unsafe. Consider using strcat_s instead. To disable deprecation, use _CRT_SECURE_NO_WARNINGS. See online help for details.
  C:\Program Files (x86)\Windows Kits\10\Include\10.0.10240.0\ucrt\string.h(90): note: see declaration of 'strcat'
be_ai_chat.cpp(2512): warning C4996: 'strcat': This function or variable may be unsafe. Consider using strcat_s instead. To disable deprecation, use _CRT_SECURE_NO_WARNINGS. See online help for details.
  C:\Program Files (x86)\Windows Kits\10\Include\10.0.10240.0\ucrt\string.h(90): note: see declaration of 'strcat'
be_ai_chat.cpp(2518): warning C4996: 'strcat': This function or variable may be unsafe. Consider using strcat_s instead. To disable deprecation, use _CRT_SECURE_NO_WARNINGS. See online help for details.
  C:\Program Files (x86)\Windows Kits\10\Include\10.0.10240.0\ucrt\string.h(90): note: see declaration of 'strcat'
be_ai_chat.cpp(2524): warning C4996: 'strcat': This function or variable may be unsafe. Consider using strcat_s instead. To disable deprecation, use _CRT_SECURE_NO_WARNINGS. See online help for details.
  C:\Program Files (x86)\Windows Kits\10\Include\10.0.10240.0\ucrt\string.h(90): note: see declaration of 'strcat'
be_ai_chat.cpp(2530): warning C4996: 'strcat': This function or variable may be unsafe. Consider using strcat_s instead. To disable deprecation, use _CRT_SECURE_NO_WARNINGS. See online help for details.
  C:\Program Files (x86)\Windows Kits\10\Include\10.0.10240.0\ucrt\string.h(90): note: see declaration of 'strcat'
be_ai_chat.cpp(2536): warning C4996: 'strcat': This function or variable may be unsafe. Consider using strcat_s instead. To disable deprecation, use _CRT_SECURE_NO_WARNINGS. See online help for details.
  C:\Program Files (x86)\Windows Kits\10\Include\10.0.10240.0\ucrt\string.h(90): note: see declaration of 'strcat'
be_ai_chat.cpp(2542): warning C4996: 'strcat': This function or variable may be unsafe. Consider using strcat_s instead. To disable deprecation, use _CRT_SECURE_NO_WARNINGS. See online help for details.
  C:\Program Files (x86)\Windows Kits\10\Include\10.0.10240.0\ucrt\string.h(90): note: see declaration of 'strcat'
be_ai_chat.cpp(2609): warning C4996: 'strcpy': This function or variable may be unsafe. Consider using strcpy_s instead. To disable deprecation, use _CRT_SECURE_NO_WARNINGS. See online help for details.
  C:\Program Files (x86)\Windows Kits\10\Include\10.0.10240.0\ucrt\string.h(119): note: see declaration of 'strcpy'
be_ai_chat.cpp(2683): warning C4996: 'strcat': This function or variable may be unsafe. Consider using strcat_s instead. To disable deprecation, use _CRT_SECURE_NO_WARNINGS. See online help for details.
  C:\Program Files (x86)\Windows Kits\10\Include\10.0.10240.0\ucrt\string.h(90): note: see declaration of 'strcat'
be_ai_chat.cpp(2689): warning C4996: 'strcat': This function or variable may be unsafe. Consider using strcat_s instead. To disable deprecation, use _CRT_SECURE_NO_WARNINGS. See online help for details.
  C:\Program Files (x86)\Windows Kits\10\Include\10.0.10240.0\ucrt\string.h(90): note: see declaration of 'strcat'
be_ai_chat.cpp(2695): warning C4996: 'strcat': This function or variable may be unsafe. Consider using strcat_s instead. To disable deprecation, use _CRT_SECURE_NO_WARNINGS. See online help for details.
  C:\Program Files (x86)\Windows Kits\10\Include\10.0.10240.0\ucrt\string.h(90): note: see declaration of 'strcat'
be_ai_chat.cpp(2701): warning C4996: 'strcat': This function or variable may be unsafe. Consider using strcat_s instead. To disable deprecation, use _CRT_SECURE_NO_WARNINGS. See online help for details.
  C:\Program Files (x86)\Windows Kits\10\Include\10.0.10240.0\ucrt\string.h(90): note: see declaration of 'strcat'
be_ai_chat.cpp(2707): warning C4996: 'strcat': This function or variable may be unsafe. Consider using strcat_s instead. To disable deprecation, use _CRT_SECURE_NO_WARNINGS. See online help for details.
  C:\Program Files (x86)\Windows Kits\10\Include\10.0.10240.0\ucrt\string.h(90): note: see declaration of 'strcat'
be_ai_chat.cpp(2713): warning C4996: 'strcat': This function or variable may be unsafe. Consider using strcat_s instead. To disable deprecation, use _CRT_SECURE_NO_WARNINGS. See online help for details.
  C:\Program Files (x86)\Windows Kits\10\Include\10.0.10240.0\ucrt\string.h(90): note: see declaration of 'strcat'
be_ai_chat.cpp(2719): warning C4996: 'strcat': This function or variable may be unsafe. Consider using strcat_s instead. To disable deprecation, use _CRT_SECURE_NO_WARNINGS. See online help for details.
  C:\Program Files (x86)\Windows Kits\10\Include\10.0.10240.0\ucrt\string.h(90): note: see declaration of 'strcat'
be_ai_chat.cpp(2725): warning C4996: 'strcat': This function or variable may be unsafe. Consider using strcat_s instead. To disable deprecation, use _CRT_SECURE_NO_WARNINGS. See online help for details.
  C:\Program Files (x86)\Windows Kits\10\Include\10.0.10240.0\ucrt\string.h(90): note: see declaration of 'strcat'
be_ai_chat.cpp(2795): warning C4996: 'strcpy': This function or variable may be unsafe. Consider using strcpy_s instead. To disable deprecation, use _CRT_SECURE_NO_WARNINGS. See online help for details.
  C:\Program Files (x86)\Windows Kits\10\Include\10.0.10240.0\ucrt\string.h(119): note: see declaration of 'strcpy'
be_ai_chat.cpp(2815): warning C4996: 'strcpy': This function or variable may be unsafe. Consider using strcpy_s instead. To disable deprecation, use _CRT_SECURE_NO_WARNINGS. See online help for details.
  C:\Program Files (x86)\Windows Kits\10\Include\10.0.10240.0\ucrt\string.h(119): note: see declaration of 'strcpy'
be_ai_chat.cpp(2812): warning C4996: 'strncpy': This function or variable may be unsafe. Consider using strncpy_s instead. To disable deprecation, use _CRT_SECURE_NO_WARNINGS. See online help for details.
  C:\Program Files (x86)\Windows Kits\10\Include\10.0.10240.0\ucrt\string.h(346): note: see declaration of 'strncpy'
be_ai_chat.cpp(2850): warning C4996: 'strncpy': This function or variable may be unsafe. Consider using strncpy_s instead. To disable deprecation, use _CRT_SECURE_NO_WARNINGS. See online help for details.
  C:\Program Files (x86)\Windows Kits\10\Include\10.0.10240.0\ucrt\string.h(346): note: see declaration of 'strncpy'
  be_ai_gen.cpp
d:\source\repos\modwooty\codemp\game\teams.h(13): warning C4091: 'typedef ': ignored on left of '' when no variable is declared
d:\source\repos\modwooty\codemp\botlib\../game/q_shared.h(587): warning C4091: 'typedef ': ignored on left of '' when no variable is declared
d:\source\repos\modwooty\codemp\botlib\../game/q_shared.h(612): warning C4091: 'typedef ': ignored on left of '' when no variable is declared
d:\source\repos\modwooty\codemp\botlib\../game/q_shared.h(851): warning C4091: 'typedef ': ignored on left of '' when no variable is declared
d:\source\repos\modwooty\codemp\botlib\../game/q_shared.h(990): warning C4091: 'typedef ': ignored on left of '' when no variable is declared
d:\source\repos\modwooty\codemp\botlib\../game/q_shared.h(1961): warning C4091: 'typedef ': ignored on left of '' when no variable is declared
d:\source\repos\modwooty\codemp\botlib\../game/q_shared.h(3043): warning C4091: 'typedef ': ignored on left of '' when no variable is declared
d:\source\repos\modwooty\codemp\botlib\../game/q_shared.h(3052): warning C4091: 'typedef ': ignored on left of '_flag_status' when no variable is declared
d:\source\repos\modwooty\codemp\botlib\../game/q_shared.h(3098): warning C4091: 'typedef ': ignored on left of 'Eorientations' when no variable is declared
d:\source\repos\modwooty\codemp\botlib\../game/q_shared.h(3109): warning C4091: 'typedef ': ignored on left of '' when no variable is declared
  be_ai_goal.cpp
d:\source\repos\modwooty\codemp\game\teams.h(13): warning C4091: 'typedef ': ignored on left of '' when no variable is declared
d:\source\repos\modwooty\codemp\botlib\../game/q_shared.h(587): warning C4091: 'typedef ': ignored on left of '' when no variable is declared
d:\source\repos\modwooty\codemp\botlib\../game/q_shared.h(612): warning C4091: 'typedef ': ignored on left of '' when no variable is declared
d:\source\repos\modwooty\codemp\botlib\../game/q_shared.h(851): warning C4091: 'typedef ': ignored on left of '' when no variable is declared
d:\source\repos\modwooty\codemp\botlib\../game/q_shared.h(990): warning C4091: 'typedef ': ignored on left of '' when no variable is declared
d:\source\repos\modwooty\codemp\botlib\../game/q_shared.h(1961): warning C4091: 'typedef ': ignored on left of '' when no variable is declared
d:\source\repos\modwooty\codemp\botlib\../game/q_shared.h(3043): warning C4091: 'typedef ': ignored on left of '' when no variable is declared
d:\source\repos\modwooty\codemp\botlib\../game/q_shared.h(3052): warning C4091: 'typedef ': ignored on left of '_flag_status' when no variable is declared
d:\source\repos\modwooty\codemp\botlib\../game/q_shared.h(3098): warning C4091: 'typedef ': ignored on left of 'Eorientations' when no variable is declared
d:\source\repos\modwooty\codemp\botlib\../game/q_shared.h(3109): warning C4091: 'typedef ': ignored on left of '' when no variable is declared
be_ai_goal.cpp(90): warning C4091: 'typedef ': ignored on left of '' when no variable is declared
be_ai_goal.cpp(268): warning C4996: 'strncpy': This function or variable may be unsafe. Consider using strncpy_s instead. To disable deprecation, use _CRT_SECURE_NO_WARNINGS. See online help for details.
  C:\Program Files (x86)\Windows Kits\10\Include\10.0.10240.0\ucrt\string.h(346): note: see declaration of 'strncpy'
be_ai_goal.cpp(301): warning C4996: 'strncpy': This function or variable may be unsafe. Consider using strncpy_s instead. To disable deprecation, use _CRT_SECURE_NO_WARNINGS. See online help for details.
  C:\Program Files (x86)\Windows Kits\10\Include\10.0.10240.0\ucrt\string.h(346): note: see declaration of 'strncpy'
be_ai_goal.cpp(678): warning C4996: 'strcpy': This function or variable may be unsafe. Consider using strcpy_s instead. To disable deprecation, use _CRT_SECURE_NO_WARNINGS. See online help for details.
  C:\Program Files (x86)\Windows Kits\10\Include\10.0.10240.0\ucrt\string.h(119): note: see declaration of 'strcpy'
be_ai_goal.cpp(673): warning C4996: 'strncpy': This function or variable may be unsafe. Consider using strncpy_s instead. To disable deprecation, use _CRT_SECURE_NO_WARNINGS. See online help for details.
  C:\Program Files (x86)\Windows Kits\10\Include\10.0.10240.0\ucrt\string.h(346): note: see declaration of 'strncpy'
  be_ai_move.cpp
d:\source\repos\modwooty\codemp\game\teams.h(13): warning C4091: 'typedef ': ignored on left of '' when no variable is declared
d:\source\repos\modwooty\codemp\botlib\../game/q_shared.h(587): warning C4091: 'typedef ': ignored on left of '' when no variable is declared
d:\source\repos\modwooty\codemp\botlib\../game/q_shared.h(612): warning C4091: 'typedef ': ignored on left of '' when no variable is declared
d:\source\repos\modwooty\codemp\botlib\../game/q_shared.h(851): warning C4091: 'typedef ': ignored on left of '' when no variable is declared
d:\source\repos\modwooty\codemp\botlib\../game/q_shared.h(990): warning C4091: 'typedef ': ignored on left of '' when no variable is declared
d:\source\repos\modwooty\codemp\botlib\../game/q_shared.h(1961): warning C4091: 'typedef ': ignored on left of '' when no variable is declared
d:\source\repos\modwooty\codemp\botlib\../game/q_shared.h(3043): warning C4091: 'typedef ': ignored on left of '' when no variable is declared
d:\source\repos\modwooty\codemp\botlib\../game/q_shared.h(3052): warning C4091: 'typedef ': ignored on left of '_flag_status' when no variable is declared
d:\source\repos\modwooty\codemp\botlib\../game/q_shared.h(3098): warning C4091: 'typedef ': ignored on left of 'Eorientations' when no variable is declared
d:\source\repos\modwooty\codemp\botlib\../game/q_shared.h(3109): warning C4091: 'typedef ': ignored on left of '' when no variable is declared
be_ai_move.cpp(2079): error C2668: 'abs': ambiguous call to overloaded function
  C:\Program Files (x86)\Windows Kits\10\Include\10.0.10240.0\ucrt\stdlib.h(359): note: could be '__int64 abs(const __int64) throw()'
  C:\Program Files (x86)\Windows Kits\10\Include\10.0.10240.0\ucrt\stdlib.h(354): note: or       'long abs(const long) throw()'
  C:\Program Files (x86)\Windows Kits\10\Include\10.0.10240.0\ucrt\math.h(454): note: or       'int abs(int)'
  be_ai_move.cpp(2079): note: while trying to match the argument list '(vec_t)'
  be_ai_weap.cpp
d:\source\repos\modwooty\codemp\game\teams.h(13): warning C4091: 'typedef ': ignored on left of '' when no variable is declared
d:\source\repos\modwooty\codemp\botlib\../game/q_shared.h(587): warning C4091: 'typedef ': ignored on left of '' when no variable is declared
d:\source\repos\modwooty\codemp\botlib\../game/q_shared.h(612): warning C4091: 'typedef ': ignored on left of '' when no variable is declared
d:\source\repos\modwooty\codemp\botlib\../game/q_shared.h(851): warning C4091: 'typedef ': ignored on left of '' when no variable is declared
d:\source\repos\modwooty\codemp\botlib\../game/q_shared.h(990): warning C4091: 'typedef ': ignored on left of '' when no variable is declared
d:\source\repos\modwooty\codemp\botlib\../game/q_shared.h(1961): warning C4091: 'typedef ': ignored on left of '' when no variable is declared
d:\source\repos\modwooty\codemp\botlib\../game/q_shared.h(3043): warning C4091: 'typedef ': ignored on left of '' when no variable is declared
d:\source\repos\modwooty\codemp\botlib\../game/q_shared.h(3052): warning C4091: 'typedef ': ignored on left of '_flag_status' when no variable is declared
d:\source\repos\modwooty\codemp\botlib\../game/q_shared.h(3098): warning C4091: 'typedef ': ignored on left of 'Eorientations' when no variable is declared
d:\source\repos\modwooty\codemp\botlib\../game/q_shared.h(3109): warning C4091: 'typedef ': ignored on left of '' when no variable is declared
be_ai_weap.cpp(205): warning C4996: 'strncpy': This function or variable may be unsafe. Consider using strncpy_s instead. To disable deprecation, use _CRT_SECURE_NO_WARNINGS. See online help for details.
  C:\Program Files (x86)\Windows Kits\10\Include\10.0.10240.0\ucrt\string.h(346): note: see declaration of 'strncpy'
  be_ai_weight.cpp
d:\source\repos\modwooty\codemp\game\teams.h(13): warning C4091: 'typedef ': ignored on left of '' when no variable is declared
d:\source\repos\modwooty\codemp\botlib\../game/q_shared.h(587): warning C4091: 'typedef ': ignored on left of '' when no variable is declared
d:\source\repos\modwooty\codemp\botlib\../game/q_shared.h(612): warning C4091: 'typedef ': ignored on left of '' when no variable is declared
d:\source\repos\modwooty\codemp\botlib\../game/q_shared.h(851): warning C4091: 'typedef ': ignored on left of '' when no variable is declared
d:\source\repos\modwooty\codemp\botlib\../game/q_shared.h(990): warning C4091: 'typedef ': ignored on left of '' when no variable is declared
d:\source\repos\modwooty\codemp\botlib\../game/q_shared.h(1961): warning C4091: 'typedef ': ignored on left of '' when no variable is declared
d:\source\repos\modwooty\codemp\botlib\../game/q_shared.h(3043): warning C4091: 'typedef ': ignored on left of '' when no variable is declared
d:\source\repos\modwooty\codemp\botlib\../game/q_shared.h(3052): warning C4091: 'typedef ': ignored on left of '_flag_status' when no variable is declared
d:\source\repos\modwooty\codemp\botlib\../game/q_shared.h(3098): warning C4091: 'typedef ': ignored on left of 'Eorientations' when no variable is declared
d:\source\repos\modwooty\codemp\botlib\../game/q_shared.h(3109): warning C4091: 'typedef ': ignored on left of '' when no variable is declared
be_ai_weight.cpp(332): warning C4996: 'strcpy': This function or variable may be unsafe. Consider using strcpy_s instead. To disable deprecation, use _CRT_SECURE_NO_WARNINGS. See online help for details.
  C:\Program Files (x86)\Windows Kits\10\Include\10.0.10240.0\ucrt\string.h(119): note: see declaration of 'strcpy'
  be_ea.cpp
d:\source\repos\modwooty\codemp\game\teams.h(13): warning C4091: 'typedef ': ignored on left of '' when no variable is declared
d:\source\repos\modwooty\codemp\botlib\../game/q_shared.h(587): warning C4091: 'typedef ': ignored on left of '' when no variable is declared
d:\source\repos\modwooty\codemp\botlib\../game/q_shared.h(612): warning C4091: 'typedef ': ignored on left of '' when no variable is declared
d:\source\repos\modwooty\codemp\botlib\../game/q_shared.h(851): warning C4091: 'typedef ': ignored on left of '' when no variable is declared
d:\source\repos\modwooty\codemp\botlib\../game/q_shared.h(990): warning C4091: 'typedef ': ignored on left of '' when no variable is declared
d:\source\repos\modwooty\codemp\botlib\../game/q_shared.h(1961): warning C4091: 'typedef ': ignored on left of '' when no variable is declared
d:\source\repos\modwooty\codemp\botlib\../game/q_shared.h(3043): warning C4091: 'typedef ': ignored on left of '' when no variable is declared
d:\source\repos\modwooty\codemp\botlib\../game/q_shared.h(3052): warning C4091: 'typedef ': ignored on left of '_flag_status' when no variable is declared
d:\source\repos\modwooty\codemp\botlib\../game/q_shared.h(3098): warning C4091: 'typedef ': ignored on left of 'Eorientations' when no variable is declared
d:\source\repos\modwooty\codemp\botlib\../game/q_shared.h(3109): warning C4091: 'typedef ': ignored on left of '' when no variable is declared
  Compiling...
  be_interface.cpp
d:\source\repos\modwooty\codemp\game\teams.h(13): warning C4091: 'typedef ': ignored on left of '' when no variable is declared
d:\source\repos\modwooty\codemp\botlib\../game/q_shared.h(587): warning C4091: 'typedef ': ignored on left of '' when no variable is declared
d:\source\repos\modwooty\codemp\botlib\../game/q_shared.h(612): warning C4091: 'typedef ': ignored on left of '' when no variable is declared
d:\source\repos\modwooty\codemp\botlib\../game/q_shared.h(851): warning C4091: 'typedef ': ignored on left of '' when no variable is declared
d:\source\repos\modwooty\codemp\botlib\../game/q_shared.h(990): warning C4091: 'typedef ': ignored on left of '' when no variable is declared
d:\source\repos\modwooty\codemp\botlib\../game/q_shared.h(1961): warning C4091: 'typedef ': ignored on left of '' when no variable is declared
d:\source\repos\modwooty\codemp\botlib\../game/q_shared.h(3043): warning C4091: 'typedef ': ignored on left of '' when no variable is declared
d:\source\repos\modwooty\codemp\botlib\../game/q_shared.h(3052): warning C4091: 'typedef ': ignored on left of '_flag_status' when no variable is declared
d:\source\repos\modwooty\codemp\botlib\../game/q_shared.h(3098): warning C4091: 'typedef ': ignored on left of 'Eorientations' when no variable is declared
d:\source\repos\modwooty\codemp\botlib\../game/q_shared.h(3109): warning C4091: 'typedef ': ignored on left of '' when no variable is declared
be_interface.cpp(218): warning C4996: 'strncpy': This function or variable may be unsafe. Consider using strncpy_s instead. To disable deprecation, use _CRT_SECURE_NO_WARNINGS. See online help for details.
  C:\Program Files (x86)\Windows Kits\10\Include\10.0.10240.0\ucrt\string.h(346): note: see declaration of 'strncpy'
  l_crc.cpp
d:\source\repos\modwooty\codemp\game\teams.h(13): warning C4091: 'typedef ': ignored on left of '' when no variable is declared
d:\source\repos\modwooty\codemp\botlib\../game/q_shared.h(587): warning C4091: 'typedef ': ignored on left of '' when no variable is declared
d:\source\repos\modwooty\codemp\botlib\../game/q_shared.h(612): warning C4091: 'typedef ': ignored on left of '' when no variable is declared
d:\source\repos\modwooty\codemp\botlib\../game/q_shared.h(851): warning C4091: 'typedef ': ignored on left of '' when no variable is declared
d:\source\repos\modwooty\codemp\botlib\../game/q_shared.h(990): warning C4091: 'typedef ': ignored on left of '' when no variable is declared
d:\source\repos\modwooty\codemp\botlib\../game/q_shared.h(1961): warning C4091: 'typedef ': ignored on left of '' when no variable is declared
d:\source\repos\modwooty\codemp\botlib\../game/q_shared.h(3043): warning C4091: 'typedef ': ignored on left of '' when no variable is declared
d:\source\repos\modwooty\codemp\botlib\../game/q_shared.h(3052): warning C4091: 'typedef ': ignored on left of '_flag_status' when no variable is declared
d:\source\repos\modwooty\codemp\botlib\../game/q_shared.h(3098): warning C4091: 'typedef ': ignored on left of 'Eorientations' when no variable is declared
d:\source\repos\modwooty\codemp\botlib\../game/q_shared.h(3109): warning C4091: 'typedef ': ignored on left of '' when no variable is declared
  l_libvar.cpp
d:\source\repos\modwooty\codemp\game\teams.h(13): warning C4091: 'typedef ': ignored on left of '' when no variable is declared
d:\source\repos\modwooty\codemp\botlib\../game/q_shared.h(587): warning C4091: 'typedef ': ignored on left of '' when no variable is declared
d:\source\repos\modwooty\codemp\botlib\../game/q_shared.h(612): warning C4091: 'typedef ': ignored on left of '' when no variable is declared
d:\source\repos\modwooty\codemp\botlib\../game/q_shared.h(851): warning C4091: 'typedef ': ignored on left of '' when no variable is declared
d:\source\repos\modwooty\codemp\botlib\../game/q_shared.h(990): warning C4091: 'typedef ': ignored on left of '' when no variable is declared
d:\source\repos\modwooty\codemp\botlib\../game/q_shared.h(1961): warning C4091: 'typedef ': ignored on left of '' when no variable is declared
d:\source\repos\modwooty\codemp\botlib\../game/q_shared.h(3043): warning C4091: 'typedef ': ignored on left of '' when no variable is declared
d:\source\repos\modwooty\codemp\botlib\../game/q_shared.h(3052): warning C4091: 'typedef ': ignored on left of '_flag_status' when no variable is declared
d:\source\repos\modwooty\codemp\botlib\../game/q_shared.h(3098): warning C4091: 'typedef ': ignored on left of 'Eorientations' when no variable is declared
d:\source\repos\modwooty\codemp\botlib\../game/q_shared.h(3109): warning C4091: 'typedef ': ignored on left of '' when no variable is declared
l_libvar.cpp(73): warning C4996: 'strcpy': This function or variable may be unsafe. Consider using strcpy_s instead. To disable deprecation, use _CRT_SECURE_NO_WARNINGS. See online help for details.
  C:\Program Files (x86)\Windows Kits\10\Include\10.0.10240.0\ucrt\string.h(119): note: see declaration of 'strcpy'
l_libvar.cpp(181): warning C4996: 'strcpy': This function or variable may be unsafe. Consider using strcpy_s instead. To disable deprecation, use _CRT_SECURE_NO_WARNINGS. See online help for details.
  C:\Program Files (x86)\Windows Kits\10\Include\10.0.10240.0\ucrt\string.h(119): note: see declaration of 'strcpy'
l_libvar.cpp(236): warning C4996: 'strcpy': This function or variable may be unsafe. Consider using strcpy_s instead. To disable deprecation, use _CRT_SECURE_NO_WARNINGS. See online help for details.
  C:\Program Files (x86)\Windows Kits\10\Include\10.0.10240.0\ucrt\string.h(119): note: see declaration of 'strcpy'
  l_log.cpp
d:\source\repos\modwooty\codemp\game\teams.h(13): warning C4091: 'typedef ': ignored on left of '' when no variable is declared
d:\source\repos\modwooty\codemp\botlib\../game/q_shared.h(587): warning C4091: 'typedef ': ignored on left of '' when no variable is declared
d:\source\repos\modwooty\codemp\botlib\../game/q_shared.h(612): warning C4091: 'typedef ': ignored on left of '' when no variable is declared
d:\source\repos\modwooty\codemp\botlib\../game/q_shared.h(851): warning C4091: 'typedef ': ignored on left of '' when no variable is declared
d:\source\repos\modwooty\codemp\botlib\../game/q_shared.h(990): warning C4091: 'typedef ': ignored on left of '' when no variable is declared
d:\source\repos\modwooty\codemp\botlib\../game/q_shared.h(1961): warning C4091: 'typedef ': ignored on left of '' when no variable is declared
d:\source\repos\modwooty\codemp\botlib\../game/q_shared.h(3043): warning C4091: 'typedef ': ignored on left of '' when no variable is declared
d:\source\repos\modwooty\codemp\botlib\../game/q_shared.h(3052): warning C4091: 'typedef ': ignored on left of '_flag_status' when no variable is declared
d:\source\repos\modwooty\codemp\botlib\../game/q_shared.h(3098): warning C4091: 'typedef ': ignored on left of 'Eorientations' when no variable is declared
d:\source\repos\modwooty\codemp\botlib\../game/q_shared.h(3109): warning C4091: 'typedef ': ignored on left of '' when no variable is declared
l_log.cpp(54): warning C4996: 'fopen': This function or variable may be unsafe. Consider using fopen_s instead. To disable deprecation, use _CRT_SECURE_NO_WARNINGS. See online help for details.
  C:\Program Files (x86)\Windows Kits\10\Include\10.0.10240.0\ucrt\stdio.h(205): note: see declaration of 'fopen'
l_log.cpp(60): warning C4996: 'strncpy': This function or variable may be unsafe. Consider using strncpy_s instead. To disable deprecation, use _CRT_SECURE_NO_WARNINGS. See online help for details.
  C:\Program Files (x86)\Windows Kits\10\Include\10.0.10240.0\ucrt\string.h(346): note: see declaration of 'strncpy'
  l_memory.cpp
d:\source\repos\modwooty\codemp\game\teams.h(13): warning C4091: 'typedef ': ignored on left of '' when no variable is declared
d:\source\repos\modwooty\codemp\botlib\../game/q_shared.h(587): warning C4091: 'typedef ': ignored on left of '' when no variable is declared
d:\source\repos\modwooty\codemp\botlib\../game/q_shared.h(612): warning C4091: 'typedef ': ignored on left of '' when no variable is declared
d:\source\repos\modwooty\codemp\botlib\../game/q_shared.h(851): warning C4091: 'typedef ': ignored on left of '' when no variable is declared
d:\source\repos\modwooty\codemp\botlib\../game/q_shared.h(990): warning C4091: 'typedef ': ignored on left of '' when no variable is declared
d:\source\repos\modwooty\codemp\botlib\../game/q_shared.h(1961): warning C4091: 'typedef ': ignored on left of '' when no variable is declared
d:\source\repos\modwooty\codemp\botlib\../game/q_shared.h(3043): warning C4091: 'typedef ': ignored on left of '' when no variable is declared
d:\source\repos\modwooty\codemp\botlib\../game/q_shared.h(3052): warning C4091: 'typedef ': ignored on left of '_flag_status' when no variable is declared
d:\source\repos\modwooty\codemp\botlib\../game/q_shared.h(3098): warning C4091: 'typedef ': ignored on left of 'Eorientations' when no variable is declared
d:\source\repos\modwooty\codemp\botlib\../game/q_shared.h(3109): warning C4091: 'typedef ': ignored on left of '' when no variable is declared
  l_precomp.cpp
d:\source\repos\modwooty\codemp\game\teams.h(13): warning C4091: 'typedef ': ignored on left of '' when no variable is declared
d:\source\repos\modwooty\codemp\botlib\../game/q_shared.h(587): warning C4091: 'typedef ': ignored on left of '' when no variable is declared
d:\source\repos\modwooty\codemp\botlib\../game/q_shared.h(612): warning C4091: 'typedef ': ignored on left of '' when no variable is declared
d:\source\repos\modwooty\codemp\botlib\../game/q_shared.h(851): warning C4091: 'typedef ': ignored on left of '' when no variable is declared
d:\source\repos\modwooty\codemp\botlib\../game/q_shared.h(990): warning C4091: 'typedef ': ignored on left of '' when no variable is declared
d:\source\repos\modwooty\codemp\botlib\../game/q_shared.h(1961): warning C4091: 'typedef ': ignored on left of '' when no variable is declared
d:\source\repos\modwooty\codemp\botlib\../game/q_shared.h(3043): warning C4091: 'typedef ': ignored on left of '' when no variable is declared
d:\source\repos\modwooty\codemp\botlib\../game/q_shared.h(3052): warning C4091: 'typedef ': ignored on left of '_flag_status' when no variable is declared
d:\source\repos\modwooty\codemp\botlib\../game/q_shared.h(3098): warning C4091: 'typedef ': ignored on left of 'Eorientations' when no variable is declared
d:\source\repos\modwooty\codemp\botlib\../game/q_shared.h(3109): warning C4091: 'typedef ': ignored on left of '' when no variable is declared
l_precomp.cpp(123): warning C4996: 'vsprintf': This function or variable may be unsafe. Consider using vsprintf_s instead. To disable deprecation, use _CRT_SECURE_NO_WARNINGS. See online help for details.
  C:\Program Files (x86)\Windows Kits\10\Include\10.0.10240.0\ucrt\stdio.h(1465): note: see declaration of 'vsprintf'
l_precomp.cpp(147): warning C4996: 'vsprintf': This function or variable may be unsafe. Consider using vsprintf_s instead. To disable deprecation, use _CRT_SECURE_NO_WARNINGS. See online help for details.
  C:\Program Files (x86)\Windows Kits\10\Include\10.0.10240.0\ucrt\stdio.h(1465): note: see declaration of 'vsprintf'
l_precomp.cpp(458): warning C4996: 'strcat': This function or variable may be unsafe. Consider using strcat_s instead. To disable deprecation, use _CRT_SECURE_NO_WARNINGS. See online help for details.
  C:\Program Files (x86)\Windows Kits\10\Include\10.0.10240.0\ucrt\string.h(90): note: see declaration of 'strcat'
l_precomp.cpp(461): warning C4996: 'strncat': This function or variable may be unsafe. Consider using strncat_s instead. To disable deprecation, use _CRT_SECURE_NO_WARNINGS. See online help for details.
  C:\Program Files (x86)\Windows Kits\10\Include\10.0.10240.0\ucrt\string.h(255): note: see declaration of 'strncat'
l_precomp.cpp(463): warning C4996: 'strncat': This function or variable may be unsafe. Consider using strncat_s instead. To disable deprecation, use _CRT_SECURE_NO_WARNINGS. See online help for details.
  C:\Program Files (x86)\Windows Kits\10\Include\10.0.10240.0\ucrt\string.h(255): note: see declaration of 'strncat'
l_precomp.cpp(477): warning C4996: 'strcat': This function or variable may be unsafe. Consider using strcat_s instead. To disable deprecation, use _CRT_SECURE_NO_WARNINGS. See online help for details.
  C:\Program Files (x86)\Windows Kits\10\Include\10.0.10240.0\ucrt\string.h(90): note: see declaration of 'strcat'
l_precomp.cpp(486): warning C4996: 'strcat': This function or variable may be unsafe. Consider using strcat_s instead. To disable deprecation, use _CRT_SECURE_NO_WARNINGS. See online help for details.
  C:\Program Files (x86)\Windows Kits\10\Include\10.0.10240.0\ucrt\string.h(90): note: see declaration of 'strcat'
l_precomp.cpp(687): warning C4996: 'strcpy': This function or variable may be unsafe. Consider using strcpy_s instead. To disable deprecation, use _CRT_SECURE_NO_WARNINGS. See online help for details.
  C:\Program Files (x86)\Windows Kits\10\Include\10.0.10240.0\ucrt\string.h(119): note: see declaration of 'strcpy'
l_precomp.cpp(730): warning C4996: 'strcpy': This function or variable may be unsafe. Consider using strcpy_s instead. To disable deprecation, use _CRT_SECURE_NO_WARNINGS. See online help for details.
  C:\Program Files (x86)\Windows Kits\10\Include\10.0.10240.0\ucrt\string.h(119): note: see declaration of 'strcpy'
l_precomp.cpp(740): error C2664: 'char *ctime(const time_t *const )': cannot convert argument 1 from 'const long *' to 'const time_t *const '
  l_precomp.cpp(740): note: Types pointed to are unrelated; conversion requires reinterpret_cast, C-style cast or function-style cast
l_precomp.cpp(741): warning C4996: 'strcpy': This function or variable may be unsafe. Consider using strcpy_s instead. To disable deprecation, use _CRT_SECURE_NO_WARNINGS. See online help for details.
  C:\Program Files (x86)\Windows Kits\10\Include\10.0.10240.0\ucrt\string.h(119): note: see declaration of 'strcpy'
l_precomp.cpp(744): warning C4996: 'strcat': This function or variable may be unsafe. Consider using strcat_s instead. To disable deprecation, use _CRT_SECURE_NO_WARNINGS. See online help for details.
  C:\Program Files (x86)\Windows Kits\10\Include\10.0.10240.0\ucrt\string.h(90): note: see declaration of 'strcat'
l_precomp.cpp(755): error C2664: 'char *ctime(const time_t *const )': cannot convert argument 1 from 'const long *' to 'const time_t *const '
  l_precomp.cpp(755): note: Types pointed to are unrelated; conversion requires reinterpret_cast, C-style cast or function-style cast
l_precomp.cpp(756): warning C4996: 'strcpy': This function or variable may be unsafe. Consider using strcpy_s instead. To disable deprecation, use _CRT_SECURE_NO_WARNINGS. See online help for details.
  C:\Program Files (x86)\Windows Kits\10\Include\10.0.10240.0\ucrt\string.h(119): note: see declaration of 'strcpy'
l_precomp.cpp(758): warning C4996: 'strcat': This function or variable may be unsafe. Consider using strcat_s instead. To disable deprecation, use _CRT_SECURE_NO_WARNINGS. See online help for details.
  C:\Program Files (x86)\Windows Kits\10\Include\10.0.10240.0\ucrt\string.h(90): note: see declaration of 'strcat'
l_precomp.cpp(717): warning C4996: 'sprintf': This function or variable may be unsafe. Consider using sprintf_s instead. To disable deprecation, use _CRT_SECURE_NO_WARNINGS. See online help for details.
  C:\Program Files (x86)\Windows Kits\10\Include\10.0.10240.0\ucrt\stdio.h(1769): note: see declaration of 'sprintf'
l_precomp.cpp(742): warning C4996: 'strncat': This function or variable may be unsafe. Consider using strncat_s instead. To disable deprecation, use _CRT_SECURE_NO_WARNINGS. See online help for details.
  C:\Program Files (x86)\Windows Kits\10\Include\10.0.10240.0\ucrt\string.h(255): note: see declaration of 'strncat'
l_precomp.cpp(743): warning C4996: 'strncat': This function or variable may be unsafe. Consider using strncat_s instead. To disable deprecation, use _CRT_SECURE_NO_WARNINGS. See online help for details.
  C:\Program Files (x86)\Windows Kits\10\Include\10.0.10240.0\ucrt\string.h(255): note: see declaration of 'strncat'
l_precomp.cpp(757): warning C4996: 'strncat': This function or variable may be unsafe. Consider using strncat_s instead. To disable deprecation, use _CRT_SECURE_NO_WARNINGS. See online help for details.
  C:\Program Files (x86)\Windows Kits\10\Include\10.0.10240.0\ucrt\string.h(255): note: see declaration of 'strncat'
l_precomp.cpp(950): warning C4996: 'strcpy': This function or variable may be unsafe. Consider using strcpy_s instead. To disable deprecation, use _CRT_SECURE_NO_WARNINGS. See online help for details.
  C:\Program Files (x86)\Windows Kits\10\Include\10.0.10240.0\ucrt\string.h(119): note: see declaration of 'strcpy'
l_precomp.cpp(998): warning C4996: 'strcpy': This function or variable may be unsafe. Consider using strcpy_s instead. To disable deprecation, use _CRT_SECURE_NO_WARNINGS. See online help for details.
  C:\Program Files (x86)\Windows Kits\10\Include\10.0.10240.0\ucrt\string.h(119): note: see declaration of 'strcpy'
l_precomp.cpp(999): warning C4996: 'strcat': This function or variable may be unsafe. Consider using strcat_s instead. To disable deprecation, use _CRT_SECURE_NO_WARNINGS. See online help for details.
  C:\Program Files (x86)\Windows Kits\10\Include\10.0.10240.0\ucrt\string.h(90): note: see declaration of 'strcat'
l_precomp.cpp(1005): warning C4996: 'strcpy': This function or variable may be unsafe. Consider using strcpy_s instead. To disable deprecation, use _CRT_SECURE_NO_WARNINGS. See online help for details.
  C:\Program Files (x86)\Windows Kits\10\Include\10.0.10240.0\ucrt\string.h(119): note: see declaration of 'strcpy'
l_precomp.cpp(1014): warning C4996: 'strncat': This function or variable may be unsafe. Consider using strncat_s instead. To disable deprecation, use _CRT_SECURE_NO_WARNINGS. See online help for details.
  C:\Program Files (x86)\Windows Kits\10\Include\10.0.10240.0\ucrt\string.h(255): note: see declaration of 'strncat'
l_precomp.cpp(1226): warning C4996: 'strcpy': This function or variable may be unsafe. Consider using strcpy_s instead. To disable deprecation, use _CRT_SECURE_NO_WARNINGS. See online help for details.
  C:\Program Files (x86)\Windows Kits\10\Include\10.0.10240.0\ucrt\string.h(119): note: see declaration of 'strcpy'
l_precomp.cpp(1336): warning C4996: 'strncpy': This function or variable may be unsafe. Consider using strncpy_s instead. To disable deprecation, use _CRT_SECURE_NO_WARNINGS. See online help for details.
  C:\Program Files (x86)\Windows Kits\10\Include\10.0.10240.0\ucrt\string.h(346): note: see declaration of 'strncpy'
l_precomp.cpp(1487): warning C4996: 'strcpy': This function or variable may be unsafe. Consider using strcpy_s instead. To disable deprecation, use _CRT_SECURE_NO_WARNINGS. See online help for details.
  C:\Program Files (x86)\Windows Kits\10\Include\10.0.10240.0\ucrt\string.h(119): note: see declaration of 'strcpy'
l_precomp.cpp(2444): warning C4996: 'strcpy': This function or variable may be unsafe. Consider using strcpy_s instead. To disable deprecation, use _CRT_SECURE_NO_WARNINGS. See online help for details.
  C:\Program Files (x86)\Windows Kits\10\Include\10.0.10240.0\ucrt\string.h(119): note: see declaration of 'strcpy'
l_precomp.cpp(2477): warning C4996: 'strcpy': This function or variable may be unsafe. Consider using strcpy_s instead. To disable deprecation, use _CRT_SECURE_NO_WARNINGS. See online help for details.
  C:\Program Files (x86)\Windows Kits\10\Include\10.0.10240.0\ucrt\string.h(119): note: see declaration of 'strcpy'
l_precomp.cpp(2499): warning C4996: 'sprintf': This function or variable may be unsafe. Consider using sprintf_s instead. To disable deprecation, use _CRT_SECURE_NO_WARNINGS. See online help for details.
  C:\Program Files (x86)\Windows Kits\10\Include\10.0.10240.0\ucrt\stdio.h(1769): note: see declaration of 'sprintf'
l_precomp.cpp(2522): warning C4996: 'sprintf': This function or variable may be unsafe. Consider using sprintf_s instead. To disable deprecation, use _CRT_SECURE_NO_WARNINGS. See online help for details.
  C:\Program Files (x86)\Windows Kits\10\Include\10.0.10240.0\ucrt\stdio.h(1769): note: see declaration of 'sprintf'
l_precomp.cpp(2604): warning C4996: 'sprintf': This function or variable may be unsafe. Consider using sprintf_s instead. To disable deprecation, use _CRT_SECURE_NO_WARNINGS. See online help for details.
  C:\Program Files (x86)\Windows Kits\10\Include\10.0.10240.0\ucrt\stdio.h(1769): note: see declaration of 'sprintf'
l_precomp.cpp(2631): warning C4996: 'sprintf': This function or variable may be unsafe. Consider using sprintf_s instead. To disable deprecation, use _CRT_SECURE_NO_WARNINGS. See online help for details.
  C:\Program Files (x86)\Windows Kits\10\Include\10.0.10240.0\ucrt\stdio.h(1769): note: see declaration of 'sprintf'
l_precomp.cpp(2805): warning C4996: 'strcat': This function or variable may be unsafe. Consider using strcat_s instead. To disable deprecation, use _CRT_SECURE_NO_WARNINGS. See online help for details.
  C:\Program Files (x86)\Windows Kits\10\Include\10.0.10240.0\ucrt\string.h(90): note: see declaration of 'strcat'
l_precomp.cpp(2879): warning C4996: 'strcpy': This function or variable may be unsafe. Consider using strcpy_s instead. To disable deprecation, use _CRT_SECURE_NO_WARNINGS. See online help for details.
  C:\Program Files (x86)\Windows Kits\10\Include\10.0.10240.0\ucrt\string.h(119): note: see declaration of 'strcpy'
l_precomp.cpp(2880): warning C4996: 'strcpy': This function or variable may be unsafe. Consider using strcpy_s instead. To disable deprecation, use _CRT_SECURE_NO_WARNINGS. See online help for details.
  C:\Program Files (x86)\Windows Kits\10\Include\10.0.10240.0\ucrt\string.h(119): note: see declaration of 'strcpy'
l_precomp.cpp(2881): warning C4996: 'strcpy': This function or variable may be unsafe. Consider using strcpy_s instead. To disable deprecation, use _CRT_SECURE_NO_WARNINGS. See online help for details.
  C:\Program Files (x86)\Windows Kits\10\Include\10.0.10240.0\ucrt\string.h(119): note: see declaration of 'strcpy'
l_precomp.cpp(2882): warning C4996: 'strcpy': This function or variable may be unsafe. Consider using strcpy_s instead. To disable deprecation, use _CRT_SECURE_NO_WARNINGS. See online help for details.
  C:\Program Files (x86)\Windows Kits\10\Include\10.0.10240.0\ucrt\string.h(119): note: see declaration of 'strcpy'
l_precomp.cpp(2883): warning C4996: 'strcpy': This function or variable may be unsafe. Consider using strcpy_s instead. To disable deprecation, use _CRT_SECURE_NO_WARNINGS. See online help for details.
  C:\Program Files (x86)\Windows Kits\10\Include\10.0.10240.0\ucrt\string.h(119): note: see declaration of 'strcpy'
l_precomp.cpp(2884): warning C4996: 'strcpy': This function or variable may be unsafe. Consider using strcpy_s instead. To disable deprecation, use _CRT_SECURE_NO_WARNINGS. See online help for details.
  C:\Program Files (x86)\Windows Kits\10\Include\10.0.10240.0\ucrt\string.h(119): note: see declaration of 'strcpy'
l_precomp.cpp(2892): warning C4996: 'strcpy': This function or variable may be unsafe. Consider using strcpy_s instead. To disable deprecation, use _CRT_SECURE_NO_WARNINGS. See online help for details.
  C:\Program Files (x86)\Windows Kits\10\Include\10.0.10240.0\ucrt\string.h(119): note: see declaration of 'strcpy'
l_precomp.cpp(2893): warning C4996: 'strcpy': This function or variable may be unsafe. Consider using strcpy_s instead. To disable deprecation, use _CRT_SECURE_NO_WARNINGS. See online help for details.
  C:\Program Files (x86)\Windows Kits\10\Include\10.0.10240.0\ucrt\string.h(119): note: see declaration of 'strcpy'
l_precomp.cpp(2894): warning C4996: 'strcpy': This function or variable may be unsafe. Consider using strcpy_s instead. To disable deprecation, use _CRT_SECURE_NO_WARNINGS. See online help for details.
  C:\Program Files (x86)\Windows Kits\10\Include\10.0.10240.0\ucrt\string.h(119): note: see declaration of 'strcpy'
l_precomp.cpp(2895): warning C4996: 'strcpy': This function or variable may be unsafe. Consider using strcpy_s instead. To disable deprecation, use _CRT_SECURE_NO_WARNINGS. See online help for details.
  C:\Program Files (x86)\Windows Kits\10\Include\10.0.10240.0\ucrt\string.h(119): note: see declaration of 'strcpy'
l_precomp.cpp(2896): warning C4996: 'strcat': This function or variable may be unsafe. Consider using strcat_s instead. To disable deprecation, use _CRT_SECURE_NO_WARNINGS. See online help for details.
  C:\Program Files (x86)\Windows Kits\10\Include\10.0.10240.0\ucrt\string.h(90): note: see declaration of 'strcat'
l_precomp.cpp(2897): warning C4996: 'strcat': This function or variable may be unsafe. Consider using strcat_s instead. To disable deprecation, use _CRT_SECURE_NO_WARNINGS. See online help for details.
  C:\Program Files (x86)\Windows Kits\10\Include\10.0.10240.0\ucrt\string.h(90): note: see declaration of 'strcat'
l_precomp.cpp(2898): warning C4996: 'strcat': This function or variable may be unsafe. Consider using strcat_s instead. To disable deprecation, use _CRT_SECURE_NO_WARNINGS. See online help for details.
  C:\Program Files (x86)\Windows Kits\10\Include\10.0.10240.0\ucrt\string.h(90): note: see declaration of 'strcat'
l_precomp.cpp(2899): warning C4996: 'strcat': This function or variable may be unsafe. Consider using strcat_s instead. To disable deprecation, use _CRT_SECURE_NO_WARNINGS. See online help for details.
  C:\Program Files (x86)\Windows Kits\10\Include\10.0.10240.0\ucrt\string.h(90): note: see declaration of 'strcat'
l_precomp.cpp(3020): warning C4996: 'strcat': This function or variable may be unsafe. Consider using strcat_s instead. To disable deprecation, use _CRT_SECURE_NO_WARNINGS. See online help for details.
  C:\Program Files (x86)\Windows Kits\10\Include\10.0.10240.0\ucrt\string.h(90): note: see declaration of 'strcat'
l_precomp.cpp(3015): warning C4996: 'strncpy': This function or variable may be unsafe. Consider using strncpy_s instead. To disable deprecation, use _CRT_SECURE_NO_WARNINGS. See online help for details.
  C:\Program Files (x86)\Windows Kits\10\Include\10.0.10240.0\ucrt\string.h(346): note: see declaration of 'strncpy'
l_precomp.cpp(3061): warning C4996: 'strncpy': This function or variable may be unsafe. Consider using strncpy_s instead. To disable deprecation, use _CRT_SECURE_NO_WARNINGS. See online help for details.
  C:\Program Files (x86)\Windows Kits\10\Include\10.0.10240.0\ucrt\string.h(346): note: see declaration of 'strncpy'
l_precomp.cpp(3094): warning C4996: 'strncpy': This function or variable may be unsafe. Consider using strncpy_s instead. To disable deprecation, use _CRT_SECURE_NO_WARNINGS. See online help for details.
  C:\Program Files (x86)\Windows Kits\10\Include\10.0.10240.0\ucrt\string.h(346): note: see declaration of 'strncpy'
l_precomp.cpp(3264): warning C4996: 'strcpy': This function or variable may be unsafe. Consider using strcpy_s instead. To disable deprecation, use _CRT_SECURE_NO_WARNINGS. See online help for details.
  C:\Program Files (x86)\Windows Kits\10\Include\10.0.10240.0\ucrt\string.h(119): note: see declaration of 'strcpy'
l_precomp.cpp(3287): warning C4996: 'strcpy': This function or variable may be unsafe. Consider using strcpy_s instead. To disable deprecation, use _CRT_SECURE_NO_WARNINGS. See online help for details.
  C:\Program Files (x86)\Windows Kits\10\Include\10.0.10240.0\ucrt\string.h(119): note: see declaration of 'strcpy'
  l_script.cpp
d:\source\repos\modwooty\codemp\game\teams.h(13): warning C4091: 'typedef ': ignored on left of '' when no variable is declared
d:\source\repos\modwooty\codemp\botlib\../game/q_shared.h(587): warning C4091: 'typedef ': ignored on left of '' when no variable is declared
d:\source\repos\modwooty\codemp\botlib\../game/q_shared.h(612): warning C4091: 'typedef ': ignored on left of '' when no variable is declared
d:\source\repos\modwooty\codemp\botlib\../game/q_shared.h(851): warning C4091: 'typedef ': ignored on left of '' when no variable is declared
d:\source\repos\modwooty\codemp\botlib\../game/q_shared.h(990): warning C4091: 'typedef ': ignored on left of '' when no variable is declared
d:\source\repos\modwooty\codemp\botlib\../game/q_shared.h(1961): warning C4091: 'typedef ': ignored on left of '' when no variable is declared
d:\source\repos\modwooty\codemp\botlib\../game/q_shared.h(3043): warning C4091: 'typedef ': ignored on left of '' when no variable is declared
d:\source\repos\modwooty\codemp\botlib\../game/q_shared.h(3052): warning C4091: 'typedef ': ignored on left of '_flag_status' when no variable is declared
d:\source\repos\modwooty\codemp\botlib\../game/q_shared.h(3098): warning C4091: 'typedef ': ignored on left of 'Eorientations' when no variable is declared
d:\source\repos\modwooty\codemp\botlib\../game/q_shared.h(3109): warning C4091: 'typedef ': ignored on left of '' when no variable is declared
l_script.cpp(224): warning C4996: 'vsprintf': This function or variable may be unsafe. Consider using vsprintf_s instead. To disable deprecation, use _CRT_SECURE_NO_WARNINGS. See online help for details.
  C:\Program Files (x86)\Windows Kits\10\Include\10.0.10240.0\ucrt\stdio.h(1465): note: see declaration of 'vsprintf'
l_script.cpp(250): warning C4996: 'vsprintf': This function or variable may be unsafe. Consider using vsprintf_s instead. To disable deprecation, use _CRT_SECURE_NO_WARNINGS. See online help for details.
  C:\Program Files (x86)\Windows Kits\10\Include\10.0.10240.0\ucrt\stdio.h(1465): note: see declaration of 'vsprintf'
l_script.cpp(792): warning C4996: 'strncpy': This function or variable may be unsafe. Consider using strncpy_s instead. To disable deprecation, use _CRT_SECURE_NO_WARNINGS. See online help for details.
  C:\Program Files (x86)\Windows Kits\10\Include\10.0.10240.0\ucrt\string.h(346): note: see declaration of 'strncpy'
l_script.cpp(944): warning C4996: 'strcpy': This function or variable may be unsafe. Consider using strcpy_s instead. To disable deprecation, use _CRT_SECURE_NO_WARNINGS. See online help for details.
  C:\Program Files (x86)\Windows Kits\10\Include\10.0.10240.0\ucrt\string.h(119): note: see declaration of 'strcpy'
l_script.cpp(945): warning C4996: 'strcpy': This function or variable may be unsafe. Consider using strcpy_s instead. To disable deprecation, use _CRT_SECURE_NO_WARNINGS. See online help for details.
  C:\Program Files (x86)\Windows Kits\10\Include\10.0.10240.0\ucrt\string.h(119): note: see declaration of 'strcpy'
l_script.cpp(946): warning C4996: 'strcpy': This function or variable may be unsafe. Consider using strcpy_s instead. To disable deprecation, use _CRT_SECURE_NO_WARNINGS. See online help for details.
  C:\Program Files (x86)\Windows Kits\10\Include\10.0.10240.0\ucrt\string.h(119): note: see declaration of 'strcpy'
l_script.cpp(947): warning C4996: 'strcpy': This function or variable may be unsafe. Consider using strcpy_s instead. To disable deprecation, use _CRT_SECURE_NO_WARNINGS. See online help for details.
  C:\Program Files (x86)\Windows Kits\10\Include\10.0.10240.0\ucrt\string.h(119): note: see declaration of 'strcpy'
l_script.cpp(948): warning C4996: 'strcpy': This function or variable may be unsafe. Consider using strcpy_s instead. To disable deprecation, use _CRT_SECURE_NO_WARNINGS. See online help for details.
  C:\Program Files (x86)\Windows Kits\10\Include\10.0.10240.0\ucrt\string.h(119): note: see declaration of 'strcpy'
l_script.cpp(956): warning C4996: 'strcpy': This function or variable may be unsafe. Consider using strcpy_s instead. To disable deprecation, use _CRT_SECURE_NO_WARNINGS. See online help for details.
  C:\Program Files (x86)\Windows Kits\10\Include\10.0.10240.0\ucrt\string.h(119): note: see declaration of 'strcpy'
l_script.cpp(957): warning C4996: 'strcpy': This function or variable may be unsafe. Consider using strcpy_s instead. To disable deprecation, use _CRT_SECURE_NO_WARNINGS. See online help for details.
  C:\Program Files (x86)\Windows Kits\10\Include\10.0.10240.0\ucrt\string.h(119): note: see declaration of 'strcpy'
l_script.cpp(958): warning C4996: 'strcpy': This function or variable may be unsafe. Consider using strcpy_s instead. To disable deprecation, use _CRT_SECURE_NO_WARNINGS. See online help for details.
  C:\Program Files (x86)\Windows Kits\10\Include\10.0.10240.0\ucrt\string.h(119): note: see declaration of 'strcpy'
l_script.cpp(959): warning C4996: 'strcpy': This function or variable may be unsafe. Consider using strcpy_s instead. To disable deprecation, use _CRT_SECURE_NO_WARNINGS. See online help for details.
  C:\Program Files (x86)\Windows Kits\10\Include\10.0.10240.0\ucrt\string.h(119): note: see declaration of 'strcpy'
l_script.cpp(960): warning C4996: 'strcat': This function or variable may be unsafe. Consider using strcat_s instead. To disable deprecation, use _CRT_SECURE_NO_WARNINGS. See online help for details.
  C:\Program Files (x86)\Windows Kits\10\Include\10.0.10240.0\ucrt\string.h(90): note: see declaration of 'strcat'
l_script.cpp(961): warning C4996: 'strcat': This function or variable may be unsafe. Consider using strcat_s instead. To disable deprecation, use _CRT_SECURE_NO_WARNINGS. See online help for details.
  C:\Program Files (x86)\Windows Kits\10\Include\10.0.10240.0\ucrt\string.h(90): note: see declaration of 'strcat'
l_script.cpp(962): warning C4996: 'strcat': This function or variable may be unsafe. Consider using strcat_s instead. To disable deprecation, use _CRT_SECURE_NO_WARNINGS. See online help for details.
  C:\Program Files (x86)\Windows Kits\10\Include\10.0.10240.0\ucrt\string.h(90): note: see declaration of 'strcat'
l_script.cpp(963): warning C4996: 'strcat': This function or variable may be unsafe. Consider using strcat_s instead. To disable deprecation, use _CRT_SECURE_NO_WARNINGS. See online help for details.
  C:\Program Files (x86)\Windows Kits\10\Include\10.0.10240.0\ucrt\string.h(90): note: see declaration of 'strcat'
l_script.cpp(1106): warning C4996: 'strcpy': This function or variable may be unsafe. Consider using strcpy_s instead. To disable deprecation, use _CRT_SECURE_NO_WARNINGS. See online help for details.
  C:\Program Files (x86)\Windows Kits\10\Include\10.0.10240.0\ucrt\string.h(119): note: see declaration of 'strcpy'
l_script.cpp(1123): warning C4996: 'strcpy': This function or variable may be unsafe. Consider using strcpy_s instead. To disable deprecation, use _CRT_SECURE_NO_WARNINGS. See online help for details.
  C:\Program Files (x86)\Windows Kits\10\Include\10.0.10240.0\ucrt\string.h(119): note: see declaration of 'strcpy'
l_script.cpp(1322): warning C4996: 'strcpy': This function or variable may be unsafe. Consider using strcpy_s instead. To disable deprecation, use _CRT_SECURE_NO_WARNINGS. See online help for details.
  C:\Program Files (x86)\Windows Kits\10\Include\10.0.10240.0\ucrt\string.h(119): note: see declaration of 'strcpy'
l_script.cpp(1370): warning C4996: 'strcpy': This function or variable may be unsafe. Consider using strcpy_s instead. To disable deprecation, use _CRT_SECURE_NO_WARNINGS. See online help for details.
  C:\Program Files (x86)\Windows Kits\10\Include\10.0.10240.0\ucrt\string.h(119): note: see declaration of 'strcpy'
  l_struct.cpp
d:\source\repos\modwooty\codemp\game\teams.h(13): warning C4091: 'typedef ': ignored on left of '' when no variable is declared
d:\source\repos\modwooty\codemp\botlib\../game/q_shared.h(587): warning C4091: 'typedef ': ignored on left of '' when no variable is declared
d:\source\repos\modwooty\codemp\botlib\../game/q_shared.h(612): warning C4091: 'typedef ': ignored on left of '' when no variable is declared
d:\source\repos\modwooty\codemp\botlib\../game/q_shared.h(851): warning C4091: 'typedef ': ignored on left of '' when no variable is declared
d:\source\repos\modwooty\codemp\botlib\../game/q_shared.h(990): warning C4091: 'typedef ': ignored on left of '' when no variable is declared
d:\source\repos\modwooty\codemp\botlib\../game/q_shared.h(1961): warning C4091: 'typedef ': ignored on left of '' when no variable is declared
d:\source\repos\modwooty\codemp\botlib\../game/q_shared.h(3043): warning C4091: 'typedef ': ignored on left of '' when no variable is declared
d:\source\repos\modwooty\codemp\botlib\../game/q_shared.h(3052): warning C4091: 'typedef ': ignored on left of '_flag_status' when no variable is declared
d:\source\repos\modwooty\codemp\botlib\../game/q_shared.h(3098): warning C4091: 'typedef ': ignored on left of 'Eorientations' when no variable is declared
d:\source\repos\modwooty\codemp\botlib\../game/q_shared.h(3109): warning C4091: 'typedef ': ignored on left of '' when no variable is declared
l_struct.cpp(207): warning C4996: 'strncpy': This function or variable may be unsafe. Consider using strncpy_s instead. To disable deprecation, use _CRT_SECURE_NO_WARNINGS. See online help for details.
  C:\Program Files (x86)\Windows Kits\10\Include\10.0.10240.0\ucrt\string.h(346): note: see declaration of 'strncpy'
l_struct.cpp(332): warning C4996: 'sprintf': This function or variable may be unsafe. Consider using sprintf_s instead. To disable deprecation, use _CRT_SECURE_NO_WARNINGS. See online help for details.
  C:\Program Files (x86)\Windows Kits\10\Include\10.0.10240.0\ucrt\stdio.h(1769): note: see declaration of 'sprintf'
