Build started 12/20/2009 11:01:20 PM.
     1>Project "C:\projects\Jedi_Academy_SDK(MP)\codemp\ui\ui.vcxproj" on node 5 (build target(s)).
     1>_PrepareForBuild:
         Creating directory "Debug(SH)\".
         Creating "Debug(SH)\ui.unsuccessfulbuild" because "AlwaysCreate" was specified.
       ClCompile:
         C:\Program Files (x86)\Microsoft Visual Studio 10.0\VC\bin\CL.exe /c /ZI /nologo /W3 /WX- /Od /Oy- /D _DEBUG /D _USRDLL /D WIN32 /D _WINDOWS /D UI_EXPORTS /D MISSIONPACK /D _JK2 /D _VC80_UPGRADE=0x0710 /D _WINDLL /Gm- /EHsc /RTC1 /MTd /GS /fp:precise /Zc:wchar_t /Zc:forScope /Fo".\../Debug/ui/" /Fd".\../Debug/ui/vc100.pdb" /FR"Debug(SH)\\" /Gd /TC /analyze- /errorReport:prompt ..\game\bg_misc.c ..\game\bg_saga.c ..\game\bg_vehicleLoad.c ..\game\bg_weapons.c ..\game\q_math.c ..\game\q_shared.c ui_atoms.c ui_force.c ui_gameinfo.c ui_main.c ui_saber.c ui_shared.c ui_syscalls.c
         bg_misc.c
     1>c:\projects\jedi_academy_sdk(mp)\codemp\game\bg_misc.c(457): warning C4996: 'strcpy': This function or variable may be unsafe. Consider using strcpy_s instead. To disable deprecation, use _CRT_SECURE_NO_WARNINGS. See online help for details.
                 c:\program files (x86)\microsoft visual studio 10.0\vc\include\string.h(72) : see declaration of 'strcpy'
     1>c:\projects\jedi_academy_sdk(mp)\codemp\game\bg_misc.c(462): warning C4996: 'strcpy': This function or variable may be unsafe. Consider using strcpy_s instead. To disable deprecation, use _CRT_SECURE_NO_WARNINGS. See online help for details.
                 c:\program files (x86)\microsoft visual studio 10.0\vc\include\string.h(72) : see declaration of 'strcpy'
     1>c:\projects\jedi_academy_sdk(mp)\codemp\game\bg_misc.c(466): warning C4996: 'strcpy': This function or variable may be unsafe. Consider using strcpy_s instead. To disable deprecation, use _CRT_SECURE_NO_WARNINGS. See online help for details.
                 c:\program files (x86)\microsoft visual studio 10.0\vc\include\string.h(72) : see declaration of 'strcpy'
     1>c:\projects\jedi_academy_sdk(mp)\codemp\game\bg_misc.c(724): warning C4996: 'strcpy': This function or variable may be unsafe. Consider using strcpy_s instead. To disable deprecation, use _CRT_SECURE_NO_WARNINGS. See online help for details.
                 c:\program files (x86)\microsoft visual studio 10.0\vc\include\string.h(72) : see declaration of 'strcpy'
     1>c:\projects\jedi_academy_sdk(mp)\codemp\game\bg_misc.c(3396): warning C4996: 'strcpy': This function or variable may be unsafe. Consider using strcpy_s instead. To disable deprecation, use _CRT_SECURE_NO_WARNINGS. See online help for details.
                 c:\program files (x86)\microsoft visual studio 10.0\vc\include\string.h(72) : see declaration of 'strcpy'
         bg_saga.c
     1>c:\projects\jedi_academy_sdk(mp)\codemp\game\bg_saga.c(661): warning C4996: 'strcpy': This function or variable may be unsafe. Consider using strcpy_s instead. To disable deprecation, use _CRT_SECURE_NO_WARNINGS. See online help for details.
                 c:\program files (x86)\microsoft visual studio 10.0\vc\include\string.h(72) : see declaration of 'strcpy'
     1>c:\projects\jedi_academy_sdk(mp)\codemp\game\bg_saga.c(785): warning C4996: 'strcpy': This function or variable may be unsafe. Consider using strcpy_s instead. To disable deprecation, use _CRT_SECURE_NO_WARNINGS. See online help for details.
                 c:\program files (x86)\microsoft visual studio 10.0\vc\include\string.h(72) : see declaration of 'strcpy'
     1>c:\projects\jedi_academy_sdk(mp)\codemp\game\bg_saga.c(798): warning C4996: 'strcpy': This function or variable may be unsafe. Consider using strcpy_s instead. To disable deprecation, use _CRT_SECURE_NO_WARNINGS. See online help for details.
                 c:\program files (x86)\microsoft visual studio 10.0\vc\include\string.h(72) : see declaration of 'strcpy'
     1>c:\projects\jedi_academy_sdk(mp)\codemp\game\bg_saga.c(808): warning C4996: 'strcpy': This function or variable may be unsafe. Consider using strcpy_s instead. To disable deprecation, use _CRT_SECURE_NO_WARNINGS. See online help for details.
                 c:\program files (x86)\microsoft visual studio 10.0\vc\include\string.h(72) : see declaration of 'strcpy'
     1>c:\projects\jedi_academy_sdk(mp)\codemp\game\bg_saga.c(818): warning C4996: 'strcpy': This function or variable may be unsafe. Consider using strcpy_s instead. To disable deprecation, use _CRT_SECURE_NO_WARNINGS. See online help for details.
                 c:\program files (x86)\microsoft visual studio 10.0\vc\include\string.h(72) : see declaration of 'strcpy'
     1>c:\projects\jedi_academy_sdk(mp)\codemp\game\bg_saga.c(828): warning C4996: 'strcpy': This function or variable may be unsafe. Consider using strcpy_s instead. To disable deprecation, use _CRT_SECURE_NO_WARNINGS. See online help for details.
                 c:\program files (x86)\microsoft visual studio 10.0\vc\include\string.h(72) : see declaration of 'strcpy'
     1>c:\projects\jedi_academy_sdk(mp)\codemp\game\bg_saga.c(838): warning C4996: 'strcpy': This function or variable may be unsafe. Consider using strcpy_s instead. To disable deprecation, use _CRT_SECURE_NO_WARNINGS. See online help for details.
                 c:\program files (x86)\microsoft visual studio 10.0\vc\include\string.h(72) : see declaration of 'strcpy'
     1>c:\projects\jedi_academy_sdk(mp)\codemp\game\bg_saga.c(1198): warning C4996: 'strcpy': This function or variable may be unsafe. Consider using strcpy_s instead. To disable deprecation, use _CRT_SECURE_NO_WARNINGS. See online help for details.
                 c:\program files (x86)\microsoft visual studio 10.0\vc\include\string.h(72) : see declaration of 'strcpy'
     1>c:\projects\jedi_academy_sdk(mp)\codemp\game\bg_saga.c(1199): warning C4996: 'strcat': This function or variable may be unsafe. Consider using strcat_s instead. To disable deprecation, use _CRT_SECURE_NO_WARNINGS. See online help for details.
                 c:\program files (x86)\microsoft visual studio 10.0\vc\include\string.h(77) : see declaration of 'strcat'
     1>c:\projects\jedi_academy_sdk(mp)\codemp\game\bg_saga.c(1260): warning C4996: 'strcpy': This function or variable may be unsafe. Consider using strcpy_s instead. To disable deprecation, use _CRT_SECURE_NO_WARNINGS. See online help for details.
                 c:\program files (x86)\microsoft visual studio 10.0\vc\include\string.h(72) : see declaration of 'strcpy'
     1>c:\projects\jedi_academy_sdk(mp)\codemp\game\bg_saga.c(1283): warning C4996: 'strcpy': This function or variable may be unsafe. Consider using strcpy_s instead. To disable deprecation, use _CRT_SECURE_NO_WARNINGS. See online help for details.
                 c:\program files (x86)\microsoft visual studio 10.0\vc\include\string.h(72) : see declaration of 'strcpy'
     1>c:\projects\jedi_academy_sdk(mp)\codemp\game\bg_saga.c(1331): warning C4996: 'strcpy': This function or variable may be unsafe. Consider using strcpy_s instead. To disable deprecation, use _CRT_SECURE_NO_WARNINGS. See online help for details.
                 c:\program files (x86)\microsoft visual studio 10.0\vc\include\string.h(72) : see declaration of 'strcpy'
     1>c:\projects\jedi_academy_sdk(mp)\codemp\game\bg_saga.c(1332): warning C4996: 'strcat': This function or variable may be unsafe. Consider using strcat_s instead. To disable deprecation, use _CRT_SECURE_NO_WARNINGS. See online help for details.
                 c:\program files (x86)\microsoft visual studio 10.0\vc\include\string.h(77) : see declaration of 'strcat'
     1>c:\projects\jedi_academy_sdk(mp)\codemp\game\bg_saga.c(1450): warning C4996: 'strcpy': This function or variable may be unsafe. Consider using strcpy_s instead. To disable deprecation, use _CRT_SECURE_NO_WARNINGS. See online help for details.
                 c:\program files (x86)\microsoft visual studio 10.0\vc\include\string.h(72) : see declaration of 'strcpy'
         bg_vehicleLoad.c
     1>c:\projects\jedi_academy_sdk(mp)\codemp\game\bg_vehicleload.c(197): warning C4996: 'strcpy': This function or variable may be unsafe. Consider using strcpy_s instead. To disable deprecation, use _CRT_SECURE_NO_WARNINGS. See online help for details.
                 c:\program files (x86)\microsoft visual studio 10.0\vc\include\string.h(72) : see declaration of 'strcpy'
     1>c:\projects\jedi_academy_sdk(mp)\codemp\game\bg_vehicleload.c(205): warning C4996: 'sscanf': This function or variable may be unsafe. Consider using sscanf_s instead. To disable deprecation, use _CRT_SECURE_NO_WARNINGS. See online help for details.
                 c:\program files (x86)\microsoft visual studio 10.0\vc\include\stdio.h(325) : see declaration of 'sscanf'
     1>c:\projects\jedi_academy_sdk(mp)\codemp\game\bg_vehicleload.c(871): warning C4996: 'strcpy': This function or variable may be unsafe. Consider using strcpy_s instead. To disable deprecation, use _CRT_SECURE_NO_WARNINGS. See online help for details.
                 c:\program files (x86)\microsoft visual studio 10.0\vc\include\string.h(72) : see declaration of 'strcpy'
     1>c:\projects\jedi_academy_sdk(mp)\codemp\game\bg_vehicleload.c(879): warning C4996: 'sscanf': This function or variable may be unsafe. Consider using sscanf_s instead. To disable deprecation, use _CRT_SECURE_NO_WARNINGS. See online help for details.
                 c:\program files (x86)\microsoft visual studio 10.0\vc\include\stdio.h(325) : see declaration of 'sscanf'
     1>c:\projects\jedi_academy_sdk(mp)\codemp\game\bg_vehicleload.c(1460): warning C4996: 'strcat': This function or variable may be unsafe. Consider using strcat_s instead. To disable deprecation, use _CRT_SECURE_NO_WARNINGS. See online help for details.
                 c:\program files (x86)\microsoft visual studio 10.0\vc\include\string.h(77) : see declaration of 'strcat'
     1>c:\projects\jedi_academy_sdk(mp)\codemp\game\bg_vehicleload.c(1468): warning C4996: 'strcat': This function or variable may be unsafe. Consider using strcat_s instead. To disable deprecation, use _CRT_SECURE_NO_WARNINGS. See online help for details.
                 c:\program files (x86)\microsoft visual studio 10.0\vc\include\string.h(77) : see declaration of 'strcat'
     1>c:\projects\jedi_academy_sdk(mp)\codemp\game\bg_vehicleload.c(1552): warning C4996: 'strcat': This function or variable may be unsafe. Consider using strcat_s instead. To disable deprecation, use _CRT_SECURE_NO_WARNINGS. See online help for details.
                 c:\program files (x86)\microsoft visual studio 10.0\vc\include\string.h(77) : see declaration of 'strcat'
     1>c:\projects\jedi_academy_sdk(mp)\codemp\game\bg_vehicleload.c(1560): warning C4996: 'strcat': This function or variable may be unsafe. Consider using strcat_s instead. To disable deprecation, use _CRT_SECURE_NO_WARNINGS. See online help for details.
                 c:\program files (x86)\microsoft visual studio 10.0\vc\include\string.h(77) : see declaration of 'strcat'
     1>c:\projects\jedi_academy_sdk(mp)\codemp\game\bg_vehicleload.c(1610): warning C4996: 'strcpy': This function or variable may be unsafe. Consider using strcpy_s instead. To disable deprecation, use _CRT_SECURE_NO_WARNINGS. See online help for details.
                 c:\program files (x86)\microsoft visual studio 10.0\vc\include\string.h(72) : see declaration of 'strcpy'
     1>c:\projects\jedi_academy_sdk(mp)\codemp\game\bg_vehicleload.c(1631): warning C4996: 'strcpy': This function or variable may be unsafe. Consider using strcpy_s instead. To disable deprecation, use _CRT_SECURE_NO_WARNINGS. See online help for details.
                 c:\program files (x86)\microsoft visual studio 10.0\vc\include\string.h(72) : see declaration of 'strcpy'
         bg_weapons.c
         q_math.c
         q_shared.c
     1>c:\projects\jedi_academy_sdk(mp)\codemp\game\q_shared.c(306): warning C4996: 'vsprintf': This function or variable may be unsafe. Consider using vsprintf_s instead. To disable deprecation, use _CRT_SECURE_NO_WARNINGS. See online help for details.
                 c:\program files (x86)\microsoft visual studio 10.0\vc\include\stdio.h(371) : see declaration of 'vsprintf'
     1>c:\projects\jedi_academy_sdk(mp)\codemp\game\q_shared.c(318): warning C4996: 'vsprintf': This function or variable may be unsafe. Consider using vsprintf_s instead. To disable deprecation, use _CRT_SECURE_NO_WARNINGS. See online help for details.
                 c:\program files (x86)\microsoft visual studio 10.0\vc\include\stdio.h(371) : see declaration of 'vsprintf'
     1>c:\projects\jedi_academy_sdk(mp)\codemp\game\q_shared.c(839): warning C4996: 'strncpy': This function or variable may be unsafe. Consider using strncpy_s instead. To disable deprecation, use _CRT_SECURE_NO_WARNINGS. See online help for details.
                 c:\program files (x86)\microsoft visual studio 10.0\vc\include\string.h(155) : see declaration of 'strncpy'
     1>c:\projects\jedi_academy_sdk(mp)\codemp\game\q_shared.c(992): warning C4996: 'vsprintf': This function or variable may be unsafe. Consider using vsprintf_s instead. To disable deprecation, use _CRT_SECURE_NO_WARNINGS. See online help for details.
                 c:\program files (x86)\microsoft visual studio 10.0\vc\include\stdio.h(371) : see declaration of 'vsprintf'
     1>c:\projects\jedi_academy_sdk(mp)\codemp\game\q_shared.c(1028): warning C4996: 'vsprintf': This function or variable may be unsafe. Consider using vsprintf_s instead. To disable deprecation, use _CRT_SECURE_NO_WARNINGS. See online help for details.
                 c:\program files (x86)\microsoft visual studio 10.0\vc\include\stdio.h(371) : see declaration of 'vsprintf'
     1>c:\projects\jedi_academy_sdk(mp)\codemp\game\q_shared.c(1065): warning C4033: 'Info_ValueForKey' must return a value
     1>c:\projects\jedi_academy_sdk(mp)\codemp\game\q_shared.c(1190): warning C4996: 'strcpy': This function or variable may be unsafe. Consider using strcpy_s instead. To disable deprecation, use _CRT_SECURE_NO_WARNINGS. See online help for details.
                 c:\program files (x86)\microsoft visual studio 10.0\vc\include\string.h(72) : see declaration of 'strcpy'
     1>c:\projects\jedi_academy_sdk(mp)\codemp\game\q_shared.c(1246): warning C4996: 'strcpy': This function or variable may be unsafe. Consider using strcpy_s instead. To disable deprecation, use _CRT_SECURE_NO_WARNINGS. See online help for details.
                 c:\program files (x86)\microsoft visual studio 10.0\vc\include\string.h(72) : see declaration of 'strcpy'
     1>c:\projects\jedi_academy_sdk(mp)\codemp\game\q_shared.c(1322): warning C4996: 'strcat': This function or variable may be unsafe. Consider using strcat_s instead. To disable deprecation, use _CRT_SECURE_NO_WARNINGS. See online help for details.
                 c:\program files (x86)\microsoft visual studio 10.0\vc\include\string.h(77) : see declaration of 'strcat'
     1>c:\projects\jedi_academy_sdk(mp)\codemp\game\q_shared.c(1323): warning C4996: 'strcpy': This function or variable may be unsafe. Consider using strcpy_s instead. To disable deprecation, use _CRT_SECURE_NO_WARNINGS. See online help for details.
                 c:\program files (x86)\microsoft visual studio 10.0\vc\include\string.h(72) : see declaration of 'strcpy'
     1>c:\projects\jedi_academy_sdk(mp)\codemp\game\q_shared.c(1371): warning C4996: 'strcat': This function or variable may be unsafe. Consider using strcat_s instead. To disable deprecation, use _CRT_SECURE_NO_WARNINGS. See online help for details.
                 c:\program files (x86)\microsoft visual studio 10.0\vc\include\string.h(77) : see declaration of 'strcat'
         ui_atoms.c
     1>c:\projects\jedi_academy_sdk(mp)\codemp\ui\ui_atoms.c(20): warning C4996: 'vsprintf': This function or variable may be unsafe. Consider using vsprintf_s instead. To disable deprecation, use _CRT_SECURE_NO_WARNINGS. See online help for details.
                 c:\program files (x86)\microsoft visual studio 10.0\vc\include\stdio.h(371) : see declaration of 'vsprintf'
     1>c:\projects\jedi_academy_sdk(mp)\codemp\ui\ui_atoms.c(31): warning C4996: 'vsprintf': This function or variable may be unsafe. Consider using vsprintf_s instead. To disable deprecation, use _CRT_SECURE_NO_WARNINGS. See online help for details.
                 c:\program files (x86)\microsoft visual studio 10.0\vc\include\stdio.h(371) : see declaration of 'vsprintf'
         ui_force.c
         ui_gameinfo.c
     1>c:\projects\jedi_academy_sdk(mp)\codemp\ui\ui_gameinfo.c(63): warning C4996: 'strcpy': This function or variable may be unsafe. Consider using strcpy_s instead. To disable deprecation, use _CRT_SECURE_NO_WARNINGS. See online help for details.
                 c:\program files (x86)\microsoft visual studio 10.0\vc\include\string.h(72) : see declaration of 'strcpy'
     1>c:\projects\jedi_academy_sdk(mp)\codemp\ui\ui_gameinfo.c(70): warning C4996: 'strcpy': This function or variable may be unsafe. Consider using strcpy_s instead. To disable deprecation, use _CRT_SECURE_NO_WARNINGS. See online help for details.
                 c:\program files (x86)\microsoft visual studio 10.0\vc\include\string.h(72) : see declaration of 'strcpy'
     1>c:\projects\jedi_academy_sdk(mp)\codemp\ui\ui_gameinfo.c(142): warning C4996: 'strcpy': This function or variable may be unsafe. Consider using strcpy_s instead. To disable deprecation, use _CRT_SECURE_NO_WARNINGS. See online help for details.
                 c:\program files (x86)\microsoft visual studio 10.0\vc\include\string.h(72) : see declaration of 'strcpy'
     1>c:\projects\jedi_academy_sdk(mp)\codemp\ui\ui_gameinfo.c(143): warning C4996: 'strcat': This function or variable may be unsafe. Consider using strcat_s instead. To disable deprecation, use _CRT_SECURE_NO_WARNINGS. See online help for details.
                 c:\program files (x86)\microsoft visual studio 10.0\vc\include\string.h(77) : see declaration of 'strcat'
     1>c:\projects\jedi_academy_sdk(mp)\codemp\ui\ui_gameinfo.c(281): warning C4996: 'strcpy': This function or variable may be unsafe. Consider using strcpy_s instead. To disable deprecation, use _CRT_SECURE_NO_WARNINGS. See online help for details.
                 c:\program files (x86)\microsoft visual studio 10.0\vc\include\string.h(72) : see declaration of 'strcpy'
     1>c:\projects\jedi_academy_sdk(mp)\codemp\ui\ui_gameinfo.c(282): warning C4996: 'strcat': This function or variable may be unsafe. Consider using strcat_s instead. To disable deprecation, use _CRT_SECURE_NO_WARNINGS. See online help for details.
                 c:\program files (x86)\microsoft visual studio 10.0\vc\include\string.h(77) : see declaration of 'strcat'
         ui_main.c
     1>c:\projects\jedi_academy_sdk(mp)\codemp\ui\ui_main.c(518): warning C4996: 'strcpy': This function or variable may be unsafe. Consider using strcpy_s instead. To disable deprecation, use _CRT_SECURE_NO_WARNINGS. See online help for details.
                 c:\program files (x86)\microsoft visual studio 10.0\vc\include\string.h(72) : see declaration of 'strcpy'
     1>c:\projects\jedi_academy_sdk(mp)\codemp\ui\ui_main.c(526): warning C4996: 'strcpy': This function or variable may be unsafe. Consider using strcpy_s instead. To disable deprecation, use _CRT_SECURE_NO_WARNINGS. See online help for details.
                 c:\program files (x86)\microsoft visual studio 10.0\vc\include\string.h(72) : see declaration of 'strcpy'
     1>c:\projects\jedi_academy_sdk(mp)\codemp\ui\ui_main.c(648): warning C4996: 'strcpy': This function or variable may be unsafe. Consider using strcpy_s instead. To disable deprecation, use _CRT_SECURE_NO_WARNINGS. See online help for details.
                 c:\program files (x86)\microsoft visual studio 10.0\vc\include\string.h(72) : see declaration of 'strcpy'
     1>c:\projects\jedi_academy_sdk(mp)\codemp\ui\ui_main.c(826): warning C4996: 'strncpy': This function or variable may be unsafe. Consider using strncpy_s instead. To disable deprecation, use _CRT_SECURE_NO_WARNINGS. See online help for details.
                 c:\program files (x86)\microsoft visual studio 10.0\vc\include\string.h(155) : see declaration of 'strncpy'
     1>c:\projects\jedi_academy_sdk(mp)\codemp\ui\ui_main.c(1539): warning C4996: 'strcpy': This function or variable may be unsafe. Consider using strcpy_s instead. To disable deprecation, use _CRT_SECURE_NO_WARNINGS. See online help for details.
                 c:\program files (x86)\microsoft visual studio 10.0\vc\include\string.h(72) : see declaration of 'strcpy'
     1>c:\projects\jedi_academy_sdk(mp)\codemp\ui\ui_main.c(5225): warning C4996: 'strcpy': This function or variable may be unsafe. Consider using strcpy_s instead. To disable deprecation, use _CRT_SECURE_NO_WARNINGS. See online help for details.
                 c:\program files (x86)\microsoft visual studio 10.0\vc\include\string.h(72) : see declaration of 'strcpy'
     1>c:\projects\jedi_academy_sdk(mp)\codemp\ui\ui_main.c(5233): warning C4996: 'strcpy': This function or variable may be unsafe. Consider using strcpy_s instead. To disable deprecation, use _CRT_SECURE_NO_WARNINGS. See online help for details.
                 c:\program files (x86)\microsoft visual studio 10.0\vc\include\string.h(72) : see declaration of 'strcpy'
     1>c:\projects\jedi_academy_sdk(mp)\codemp\ui\ui_main.c(5235): warning C4996: 'strcpy': This function or variable may be unsafe. Consider using strcpy_s instead. To disable deprecation, use _CRT_SECURE_NO_WARNINGS. See online help for details.
                 c:\program files (x86)\microsoft visual studio 10.0\vc\include\string.h(72) : see declaration of 'strcpy'
     1>c:\projects\jedi_academy_sdk(mp)\codemp\ui\ui_main.c(5246): warning C4996: 'stricmp': The POSIX name for this item is deprecated. Instead, use the ISO C++ conformant name: _stricmp. See online help for details.
                 c:\program files (x86)\microsoft visual studio 10.0\vc\include\string.h(213) : see declaration of 'stricmp'
     1>c:\projects\jedi_academy_sdk(mp)\codemp\ui\ui_main.c(5258): warning C4996: 'stricmp': The POSIX name for this item is deprecated. Instead, use the ISO C++ conformant name: _stricmp. See online help for details.
                 c:\program files (x86)\microsoft visual studio 10.0\vc\include\string.h(213) : see declaration of 'stricmp'
     1>c:\projects\jedi_academy_sdk(mp)\codemp\ui\ui_main.c(6203): warning C4996: 'strcpy': This function or variable may be unsafe. Consider using strcpy_s instead. To disable deprecation, use _CRT_SECURE_NO_WARNINGS. See online help for details.
                 c:\program files (x86)\microsoft visual studio 10.0\vc\include\string.h(72) : see declaration of 'strcpy'
     1>c:\projects\jedi_academy_sdk(mp)\codemp\ui\ui_main.c(6212): warning C4996: 'strcpy': This function or variable may be unsafe. Consider using strcpy_s instead. To disable deprecation, use _CRT_SECURE_NO_WARNINGS. See online help for details.
                 c:\program files (x86)\microsoft visual studio 10.0\vc\include\string.h(72) : see declaration of 'strcpy'
     1>c:\projects\jedi_academy_sdk(mp)\codemp\ui\ui_main.c(6243): warning C4996: 'strcpy': This function or variable may be unsafe. Consider using strcpy_s instead. To disable deprecation, use _CRT_SECURE_NO_WARNINGS. See online help for details.
                 c:\program files (x86)\microsoft visual studio 10.0\vc\include\string.h(72) : see declaration of 'strcpy'
     1>c:\projects\jedi_academy_sdk(mp)\codemp\ui\ui_main.c(6248): warning C4996: 'strcpy': This function or variable may be unsafe. Consider using strcpy_s instead. To disable deprecation, use _CRT_SECURE_NO_WARNINGS. See online help for details.
                 c:\program files (x86)\microsoft visual studio 10.0\vc\include\string.h(72) : see declaration of 'strcpy'
     1>c:\projects\jedi_academy_sdk(mp)\codemp\ui\ui_main.c(7056): warning C4996: 'sprintf': This function or variable may be unsafe. Consider using sprintf_s instead. To disable deprecation, use _CRT_SECURE_NO_WARNINGS. See online help for details.
                 c:\program files (x86)\microsoft visual studio 10.0\vc\include\stdio.h(371) : see declaration of 'sprintf'
     1>c:\projects\jedi_academy_sdk(mp)\codemp\ui\ui_main.c(7284): warning C4996: 'strcpy': This function or variable may be unsafe. Consider using strcpy_s instead. To disable deprecation, use _CRT_SECURE_NO_WARNINGS. See online help for details.
                 c:\program files (x86)\microsoft visual studio 10.0\vc\include\string.h(72) : see declaration of 'strcpy'
     1>c:\projects\jedi_academy_sdk(mp)\codemp\ui\ui_main.c(7922): warning C4996: 'strcpy': This function or variable may be unsafe. Consider using strcpy_s instead. To disable deprecation, use _CRT_SECURE_NO_WARNINGS. See online help for details.
                 c:\program files (x86)\microsoft visual studio 10.0\vc\include\string.h(72) : see declaration of 'strcpy'
     1>c:\projects\jedi_academy_sdk(mp)\codemp\ui\ui_main.c(7932): warning C4996: 'strcpy': This function or variable may be unsafe. Consider using strcpy_s instead. To disable deprecation, use _CRT_SECURE_NO_WARNINGS. See online help for details.
                 c:\program files (x86)\microsoft visual studio 10.0\vc\include\string.h(72) : see declaration of 'strcpy'
     1>c:\projects\jedi_academy_sdk(mp)\codemp\ui\ui_main.c(8140): warning C4996: 'stricmp': The POSIX name for this item is deprecated. Instead, use the ISO C++ conformant name: _stricmp. See online help for details.
                 c:\program files (x86)\microsoft visual studio 10.0\vc\include\string.h(213) : see declaration of 'stricmp'
     1>c:\projects\jedi_academy_sdk(mp)\codemp\ui\ui_main.c(8156): warning C4996: 'stricmp': The POSIX name for this item is deprecated. Instead, use the ISO C++ conformant name: _stricmp. See online help for details.
                 c:\program files (x86)\microsoft visual studio 10.0\vc\include\string.h(213) : see declaration of 'stricmp'
     1>c:\projects\jedi_academy_sdk(mp)\codemp\ui\ui_main.c(8169): warning C4996: 'stricmp': The POSIX name for this item is deprecated. Instead, use the ISO C++ conformant name: _stricmp. See online help for details.
                 c:\program files (x86)\microsoft visual studio 10.0\vc\include\string.h(213) : see declaration of 'stricmp'
     1>c:\projects\jedi_academy_sdk(mp)\codemp\ui\ui_main.c(8493): warning C4996: 'strcpy': This function or variable may be unsafe. Consider using strcpy_s instead. To disable deprecation, use _CRT_SECURE_NO_WARNINGS. See online help for details.
                 c:\program files (x86)\microsoft visual studio 10.0\vc\include\string.h(72) : see declaration of 'strcpy'
     1>c:\projects\jedi_academy_sdk(mp)\codemp\ui\ui_main.c(8497): warning C4996: 'strcpy': This function or variable may be unsafe. Consider using strcpy_s instead. To disable deprecation, use _CRT_SECURE_NO_WARNINGS. See online help for details.
                 c:\program files (x86)\microsoft visual studio 10.0\vc\include\string.h(72) : see declaration of 'strcpy'
     1>c:\projects\jedi_academy_sdk(mp)\codemp\ui\ui_main.c(8499): warning C4996: 'strcpy': This function or variable may be unsafe. Consider using strcpy_s instead. To disable deprecation, use _CRT_SECURE_NO_WARNINGS. See online help for details.
                 c:\program files (x86)\microsoft visual studio 10.0\vc\include\string.h(72) : see declaration of 'strcpy'
     1>c:\projects\jedi_academy_sdk(mp)\codemp\ui\ui_main.c(8864): warning C4996: 'stricmp': The POSIX name for this item is deprecated. Instead, use the ISO C++ conformant name: _stricmp. See online help for details.
                 c:\program files (x86)\microsoft visual studio 10.0\vc\include\string.h(213) : see declaration of 'stricmp'
     1>c:\projects\jedi_academy_sdk(mp)\codemp\ui\ui_main.c(8883): warning C4996: 'stricmp': The POSIX name for this item is deprecated. Instead, use the ISO C++ conformant name: _stricmp. See online help for details.
                 c:\program files (x86)\microsoft visual studio 10.0\vc\include\string.h(213) : see declaration of 'stricmp'
     1>c:\projects\jedi_academy_sdk(mp)\codemp\ui\ui_main.c(8922): warning C4996: 'stricmp': The POSIX name for this item is deprecated. Instead, use the ISO C++ conformant name: _stricmp. See online help for details.
                 c:\program files (x86)\microsoft visual studio 10.0\vc\include\string.h(213) : see declaration of 'stricmp'
     1>c:\projects\jedi_academy_sdk(mp)\codemp\ui\ui_main.c(8998): warning C4996: 'strcpy': This function or variable may be unsafe. Consider using strcpy_s instead. To disable deprecation, use _CRT_SECURE_NO_WARNINGS. See online help for details.
                 c:\program files (x86)\microsoft visual studio 10.0\vc\include\string.h(72) : see declaration of 'strcpy'
     1>c:\projects\jedi_academy_sdk(mp)\codemp\ui\ui_main.c(9007): warning C4996: 'strcpy': This function or variable may be unsafe. Consider using strcpy_s instead. To disable deprecation, use _CRT_SECURE_NO_WARNINGS. See online help for details.
                 c:\program files (x86)\microsoft visual studio 10.0\vc\include\string.h(72) : see declaration of 'strcpy'
     1>c:\projects\jedi_academy_sdk(mp)\codemp\ui\ui_main.c(9011): warning C4996: 'strcpy': This function or variable may be unsafe. Consider using strcpy_s instead. To disable deprecation, use _CRT_SECURE_NO_WARNINGS. See online help for details.
                 c:\program files (x86)\microsoft visual studio 10.0\vc\include\string.h(72) : see declaration of 'strcpy'
     1>c:\projects\jedi_academy_sdk(mp)\codemp\ui\ui_main.c(9016): warning C4996: 'strcpy': This function or variable may be unsafe. Consider using strcpy_s instead. To disable deprecation, use _CRT_SECURE_NO_WARNINGS. See online help for details.
                 c:\program files (x86)\microsoft visual studio 10.0\vc\include\string.h(72) : see declaration of 'strcpy'
     1>c:\projects\jedi_academy_sdk(mp)\codemp\ui\ui_main.c(10095): warning C4996: 'strnicmp': The POSIX name for this item is deprecated. Instead, use the ISO C++ conformant name: _strnicmp. See online help for details.
                 c:\program files (x86)\microsoft visual studio 10.0\vc\include\string.h(215) : see declaration of 'strnicmp'
     1>c:\projects\jedi_academy_sdk(mp)\codemp\ui\ui_main.c(10107): warning C4996: 'strnicmp': The POSIX name for this item is deprecated. Instead, use the ISO C++ conformant name: _strnicmp. See online help for details.
                 c:\program files (x86)\microsoft visual studio 10.0\vc\include\string.h(215) : see declaration of 'strnicmp'
     1>c:\projects\jedi_academy_sdk(mp)\codemp\ui\ui_main.c(10118): warning C4996: 'strnicmp': The POSIX name for this item is deprecated. Instead, use the ISO C++ conformant name: _strnicmp. See online help for details.
                 c:\program files (x86)\microsoft visual studio 10.0\vc\include\string.h(215) : see declaration of 'strnicmp'
     1>c:\projects\jedi_academy_sdk(mp)\codemp\ui\ui_main.c(10597): warning C4996: 'strcpy': This function or variable may be unsafe. Consider using strcpy_s instead. To disable deprecation, use _CRT_SECURE_NO_WARNINGS. See online help for details.
                 c:\program files (x86)\microsoft visual studio 10.0\vc\include\string.h(72) : see declaration of 'strcpy'
     1>c:\projects\jedi_academy_sdk(mp)\codemp\ui\ui_main.c(10599): warning C4996: 'strcpy': This function or variable may be unsafe. Consider using strcpy_s instead. To disable deprecation, use _CRT_SECURE_NO_WARNINGS. See online help for details.
                 c:\program files (x86)\microsoft visual studio 10.0\vc\include\string.h(72) : see declaration of 'strcpy'
     1>c:\projects\jedi_academy_sdk(mp)\codemp\ui\ui_main.c(10601): warning C4996: 'strcpy': This function or variable may be unsafe. Consider using strcpy_s instead. To disable deprecation, use _CRT_SECURE_NO_WARNINGS. See online help for details.
                 c:\program files (x86)\microsoft visual studio 10.0\vc\include\string.h(72) : see declaration of 'strcpy'
     1>c:\projects\jedi_academy_sdk(mp)\codemp\ui\ui_main.c(10603): warning C4996: 'strcpy': This function or variable may be unsafe. Consider using strcpy_s instead. To disable deprecation, use _CRT_SECURE_NO_WARNINGS. See online help for details.
                 c:\program files (x86)\microsoft visual studio 10.0\vc\include\string.h(72) : see declaration of 'strcpy'
     1>c:\projects\jedi_academy_sdk(mp)\codemp\ui\ui_main.c(10605): warning C4996: 'strcpy': This function or variable may be unsafe. Consider using strcpy_s instead. To disable deprecation, use _CRT_SECURE_NO_WARNINGS. See online help for details.
                 c:\program files (x86)\microsoft visual studio 10.0\vc\include\string.h(72) : see declaration of 'strcpy'
     1>c:\projects\jedi_academy_sdk(mp)\codemp\ui\ui_main.c(10607): warning C4996: 'strcpy': This function or variable may be unsafe. Consider using strcpy_s instead. To disable deprecation, use _CRT_SECURE_NO_WARNINGS. See online help for details.
                 c:\program files (x86)\microsoft visual studio 10.0\vc\include\string.h(72) : see declaration of 'strcpy'
     1>c:\projects\jedi_academy_sdk(mp)\codemp\ui\ui_main.c(10718): warning C4996: 'strcpy': This function or variable may be unsafe. Consider using strcpy_s instead. To disable deprecation, use _CRT_SECURE_NO_WARNINGS. See online help for details.
                 c:\program files (x86)\microsoft visual studio 10.0\vc\include\string.h(72) : see declaration of 'strcpy'
         ui_saber.c
     1>c:\projects\jedi_academy_sdk(mp)\codemp\ui\ui_saber.c(155): warning C4996: 'strcpy': This function or variable may be unsafe. Consider using strcpy_s instead. To disable deprecation, use _CRT_SECURE_NO_WARNINGS. See online help for details.
                 c:\program files (x86)\microsoft visual studio 10.0\vc\include\string.h(72) : see declaration of 'strcpy'
     1>c:\projects\jedi_academy_sdk(mp)\codemp\ui\ui_saber.c(312): warning C4996: 'strcpy': This function or variable may be unsafe. Consider using strcpy_s instead. To disable deprecation, use _CRT_SECURE_NO_WARNINGS. See online help for details.
                 c:\program files (x86)\microsoft visual studio 10.0\vc\include\string.h(72) : see declaration of 'strcpy'
     1>c:\projects\jedi_academy_sdk(mp)\codemp\ui\ui_saber.c(385): warning C4996: 'strcat': This function or variable may be unsafe. Consider using strcat_s instead. To disable deprecation, use _CRT_SECURE_NO_WARNINGS. See online help for details.
                 c:\program files (x86)\microsoft visual studio 10.0\vc\include\string.h(77) : see declaration of 'strcat'
     1>c:\projects\jedi_academy_sdk(mp)\codemp\ui\ui_saber.c(394): warning C4996: 'strcat': This function or variable may be unsafe. Consider using strcat_s instead. To disable deprecation, use _CRT_SECURE_NO_WARNINGS. See online help for details.
                 c:\program files (x86)\microsoft visual studio 10.0\vc\include\string.h(77) : see declaration of 'strcat'
         ui_shared.c
     1>c:\projects\jedi_academy_sdk(mp)\codemp\ui\ui_shared.c(318): warning C4996: 'strcpy': This function or variable may be unsafe. Consider using strcpy_s instead. To disable deprecation, use _CRT_SECURE_NO_WARNINGS. See online help for details.
                 c:\program files (x86)\microsoft visual studio 10.0\vc\include\string.h(72) : see declaration of 'strcpy'
     1>c:\projects\jedi_academy_sdk(mp)\codemp\ui\ui_shared.c(392): warning C4996: 'vsprintf': This function or variable may be unsafe. Consider using vsprintf_s instead. To disable deprecation, use _CRT_SECURE_NO_WARNINGS. See online help for details.
                 c:\program files (x86)\microsoft visual studio 10.0\vc\include\stdio.h(371) : see declaration of 'vsprintf'
     1>c:\projects\jedi_academy_sdk(mp)\codemp\ui\ui_shared.c(414): warning C4996: 'vsprintf': This function or variable may be unsafe. Consider using vsprintf_s instead. To disable deprecation, use _CRT_SECURE_NO_WARNINGS. See online help for details.
                 c:\program files (x86)\microsoft visual studio 10.0\vc\include\stdio.h(371) : see declaration of 'vsprintf'
     1>c:\projects\jedi_academy_sdk(mp)\codemp\ui\ui_shared.c(4951): warning C4996: 'strncpy': This function or variable may be unsafe. Consider using strncpy_s instead. To disable deprecation, use _CRT_SECURE_NO_WARNINGS. See online help for details.
                 c:\program files (x86)\microsoft visual studio 10.0\vc\include\string.h(155) : see declaration of 'strncpy'
     1>c:\projects\jedi_academy_sdk(mp)\codemp\ui\ui_shared.c(5434): warning C4996: 'strcat': This function or variable may be unsafe. Consider using strcat_s instead. To disable deprecation, use _CRT_SECURE_NO_WARNINGS. See online help for details.
                 c:\program files (x86)\microsoft visual studio 10.0\vc\include\string.h(77) : see declaration of 'strcat'
     1>c:\projects\jedi_academy_sdk(mp)\codemp\ui\ui_shared.c(5435): warning C4996: 'strcat': This function or variable may be unsafe. Consider using strcat_s instead. To disable deprecation, use _CRT_SECURE_NO_WARNINGS. See online help for details.
                 c:\program files (x86)\microsoft visual studio 10.0\vc\include\string.h(77) : see declaration of 'strcat'
     1>c:\projects\jedi_academy_sdk(mp)\codemp\ui\ui_shared.c(5440): warning C4996: 'strcpy': This function or variable may be unsafe. Consider using strcpy_s instead. To disable deprecation, use _CRT_SECURE_NO_WARNINGS. See online help for details.
                 c:\program files (x86)\microsoft visual studio 10.0\vc\include\string.h(72) : see declaration of 'strcpy'
     1>c:\projects\jedi_academy_sdk(mp)\codemp\ui\ui_shared.c(7609): warning C4996: 'strcpy': This function or variable may be unsafe. Consider using strcpy_s instead. To disable deprecation, use _CRT_SECURE_NO_WARNINGS. See online help for details.
                 c:\program files (x86)\microsoft visual studio 10.0\vc\include\string.h(72) : see declaration of 'strcpy'
     1>c:\projects\jedi_academy_sdk(mp)\codemp\ui\ui_shared.c(7674): warning C4996: 'stricmp': The POSIX name for this item is deprecated. Instead, use the ISO C++ conformant name: _stricmp. See online help for details.
                 c:\program files (x86)\microsoft visual studio 10.0\vc\include\string.h(213) : see declaration of 'stricmp'
     1>c:\projects\jedi_academy_sdk(mp)\codemp\ui\ui_shared.c(8626): warning C4996: 'strupr': The POSIX name for this item is deprecated. Instead, use the ISO C++ conformant name: _strupr. See online help for details.
                 c:\program files (x86)\microsoft visual studio 10.0\vc\include\string.h(219) : see declaration of 'strupr'
         ui_syscalls.c
         Generating Code...
     1>c:\projects\jedi_academy_sdk(mp)\codemp\game\q_shared.c(1100): warning C4715: 'Info_ValueForKey' : not all control paths return a value
       ManifestResourceCompile:
         C:\Program Files (x86)\Microsoft SDKs\Windows\v7.0A\bin\rc.exe /nologo /fo"Debug(SH)\ui.dll.embed.manifest.res" "Debug(SH)\ui_manifest.rc" 
     1>C:\Program Files (x86)\MSBuild\Microsoft.Cpp\v4.0\Microsoft.CppBuild.targets(935,5): warning MSB8012: TargetPath(C:\projects\Jedi_Academy_SDK(MP)\codemp\ui\Debug(SH)\ui.dll) does not match the Linker's OutputFile property value (C:\projects\Jedi_Academy_SDK(MP)\codemp\Debug\uix86.dll). This may cause your project to build incorrectly. To correct this, please make sure that $(OutDir), $(TargetName) and $(TargetExt) property values match the value specified in %(Link.OutputFile).
     1>C:\Program Files (x86)\MSBuild\Microsoft.Cpp\v4.0\Microsoft.CppBuild.targets(937,5): warning MSB8012: TargetName(ui) does not match the Linker's OutputFile property value (uix86). This may cause your project to build incorrectly. To correct this, please make sure that $(OutDir), $(TargetName) and $(TargetExt) property values match the value specified in %(Link.OutputFile).
       Link:
         C:\Program Files (x86)\Microsoft Visual Studio 10.0\VC\bin\link.exe /ERRORREPORT:PROMPT /OUT:"../Debug/uix86.dll" /INCREMENTAL /NOLOGO odbc32.lib odbccp32.lib kernel32.lib user32.lib gdi32.lib winspool.lib comdlg32.lib advapi32.lib shell32.lib ole32.lib oleaut32.lib uuid.lib odbc32.lib odbccp32.lib /DEF:".\ui.def" /MANIFEST /ManifestFile:"Debug(SH)\ui.dll.intermediate.manifest" /MANIFESTUAC:"level='asInvoker' uiAccess='false'" /DEBUG /PDB:".\../Debug/uix86.pdb" /MAP:".\../Debug/uix86.map" /TLBID:1 /BASE:"0x40000000" /DYNAMICBASE:NO /IMPLIB:".\../Debug/uix86.lib" /MACHINE:X86 /DLL .\../Debug/ui/bg_misc.obj
         .\../Debug/ui/bg_saga.obj
         .\../Debug/ui/bg_vehicleLoad.obj
         .\../Debug/ui/bg_weapons.obj
         .\../Debug/ui/q_math.obj
         .\../Debug/ui/q_shared.obj
         .\../Debug/ui/ui_atoms.obj
         .\../Debug/ui/ui_force.obj
         .\../Debug/ui/ui_gameinfo.obj
         .\../Debug/ui/ui_main.obj
         .\../Debug/ui/ui_saber.obj
         .\../Debug/ui/ui_shared.obj
         .\../Debug/ui/ui_syscalls.obj
         "Debug(SH)\ui.dll.embed.manifest.res" /MACHINE:I386 
     1>LINK : warning LNK4076: invalid incremental status file '../Debug/uix86.ilk' (which will be deleted); linking nonincrementally
            Creating library .\../Debug/uix86.lib and object .\../Debug/uix86.exp
       Manifest:
         C:\Program Files (x86)\Microsoft SDKs\Windows\v7.0A\bin\mt.exe /nologo /verbose /out:"Debug(SH)\ui.dll.embed.manifest" /manifest "Debug(SH)\ui.dll.intermediate.manifest"
         C:\Program Files (x86)\Microsoft SDKs\Windows\v7.0A\bin\rc.exe /nologo /fo"Debug(SH)\ui.dll.embed.manifest.res" "Debug(SH)\ui_manifest.rc" 
       LinkEmbedManifest:
         C:\Program Files (x86)\Microsoft Visual Studio 10.0\VC\bin\link.exe /ERRORREPORT:PROMPT /OUT:"../Debug/uix86.dll" /INCREMENTAL /NOLOGO odbc32.lib odbccp32.lib kernel32.lib user32.lib gdi32.lib winspool.lib comdlg32.lib advapi32.lib shell32.lib ole32.lib oleaut32.lib uuid.lib odbc32.lib odbccp32.lib /DEF:".\ui.def" /MANIFEST /ManifestFile:"Debug(SH)\ui.dll.intermediate.manifest" /MANIFESTUAC:"level='asInvoker' uiAccess='false'" /DEBUG /PDB:".\../Debug/uix86.pdb" /TLBID:1 /BASE:"0x40000000" /DYNAMICBASE:NO /IMPLIB:".\../Debug/uix86.lib" /MACHINE:X86 /DLL .\../Debug/ui/bg_misc.obj
         .\../Debug/ui/bg_saga.obj
         .\../Debug/ui/bg_vehicleLoad.obj
         .\../Debug/ui/bg_weapons.obj
         .\../Debug/ui/q_math.obj
         .\../Debug/ui/q_shared.obj
         .\../Debug/ui/ui_atoms.obj
         .\../Debug/ui/ui_force.obj
         .\../Debug/ui/ui_gameinfo.obj
         .\../Debug/ui/ui_main.obj
         .\../Debug/ui/ui_saber.obj
         .\../Debug/ui/ui_shared.obj
         .\../Debug/ui/ui_syscalls.obj
         "Debug(SH)\ui.dll.embed.manifest.res" /MACHINE:I386 
            Creating library .\../Debug/uix86.lib and object .\../Debug/uix86.exp
         ui.vcxproj -> C:\projects\Jedi_Academy_SDK(MP)\codemp\ui\Debug(SH)\ui.dll
       BscMake:
         C:\Program Files (x86)\Microsoft Visual Studio 10.0\VC\bin\bscmake.exe /nologo /o"Debug(SH)\ui.bsc" "Debug(SH)\bg_misc.sbr" "Debug(SH)\bg_saga.sbr" "Debug(SH)\bg_vehicleLoad.sbr" "Debug(SH)\bg_weapons.sbr" "Debug(SH)\q_math.sbr" "Debug(SH)\q_shared.sbr" "Debug(SH)\ui_atoms.sbr" "Debug(SH)\ui_force.sbr" "Debug(SH)\ui_gameinfo.sbr" "Debug(SH)\ui_main.sbr" "Debug(SH)\ui_saber.sbr" "Debug(SH)\ui_shared.sbr" "Debug(SH)\ui_syscalls.sbr"
       _AfterBuild:
         Deleting file "Debug(SH)\ui.unsuccessfulbuild".
         Touching "Debug(SH)\ui.lastbuildstate".
     1>Done Building Project "C:\projects\Jedi_Academy_SDK(MP)\codemp\ui\ui.vcxproj" (build target(s)).

Build succeeded.

Time Elapsed 00:00:04.12
